#
# A fatal error has been detected by the Java Runtime Environment:
#
#  EXCEPTION_ACCESS_VIOLATION (0xc0000005) at pc=0x0000000057bec849, pid=8228, tid=0x0000000000002f58
#
# JRE version: Java(TM) SE Runtime Environment (8.0_161-b12) (build 1.8.0_161-b12)
# Java VM: Java HotSpot(TM) 64-Bit Server VM (25.161-b12 mixed mode windows-amd64 compressed oops)
# Problematic frame:
# C  [glass.dll+0x1c849]
#
# Failed to write core dump. Minidumps are not enabled by default on client versions of Windows
#
# If you would like to submit a bug report, please visit:
#   http://bugreport.java.com/bugreport/crash.jsp
# The crash happened outside the Java Virtual Machine in native code.
# See problematic frame for where to report the bug.
#

---------------  T H R E A D  ---------------

Current thread (0x0000000017cda800):  JavaThread "JavaFX Application Thread" [_thread_in_native, id=12120, stack(0x0000000018930000,0x0000000018a30000)]

siginfo: ExceptionCode=0xc0000005, reading address 0x000000001cb228b8

Registers:
RAX=0x0000000000000000, RBX=0x000000001cb227b0, RCX=0xc4c1a7f705f90000, RDX=0x00000000172106b8
RSP=0x0000000018a2f060, RBP=0x0000000018a2f0b9, RSI=0x0000000000000100, RDI=0x000000001cb227b0
R8 =0x0000000000000006, R9 =0x0000000017cd71f0, R10=0x000000001533bbb8, R11=0x0000000018a2ee70
R12=0x000000000015088e, R13=0x0000000000000100, R14=0x000000000000000d, R15=0x00000000001c0001
RIP=0x0000000057bec849, EFLAGS=0x0000000000010202

Top of Stack: (sp=0x0000000018a2f060)
0x0000000018a2f060:   0000000000000000 000000001cb227b0
0x0000000018a2f070:   000000000000000d 000000001ca821f0
0x0000000018a2f080:   00000000001c0001 00007ff9ef89aad0
0x0000000018a2f090:   0000000000000000 0000000018a2f0a0
0x0000000018a2f0a0:   0000000000180016 0000000000000000
0x0000000018a2f0b0:   0000000000000000 00007ff900000000
0x0000000018a2f0c0:   0000000001176e50 0000c4c1bf55f599
0x0000000018a2f0d0:   0000000057bf85c0 0000000000000100
0x0000000018a2f0e0:   000000000015088e 000000001cb227b0
0x0000000018a2f0f0:   0000000000000000 00000000001c0001
0x0000000018a2f100:   000000000015088e 0000000000000100
0x0000000018a2f110:   000000000000000d 0000000057bd1848
0x0000000018a2f120:   000000000000000d 0000000000000100
0x0000000018a2f130:   0000000000000001 00007ff9ef5f3cf4
0x0000000018a2f140:   0000000000000000 00007ff9ef5ebc50
0x0000000018a2f150:   0000000000000001 0000000018a2f400 

Instructions: (pc=0x0000000057bec849)
0x0000000057bec829:   00 00 0f 84 75 03 00 00 48 8b 57 08 48 8d 4f 28
0x0000000057bec839:   4d 8b ce 4c 89 7c 24 20 44 8b c6 e8 d7 38 00 00
0x0000000057bec849:   48 83 bf 08 01 00 00 00 0f 85 48 fd ff ff 49 83
0x0000000057bec859:   fe 12 0f 84 45 03 00 00 49 83 fe 79 0f 85 34 fd 


Register to memory mapping:

RAX=0x0000000000000000 is an unknown value
RBX=0x000000001cb227b0 is an unknown value
RCX=0xc4c1a7f705f90000 is an unknown value
RDX=0x00000000172106b8 is an unknown value
RSP=0x0000000018a2f060 is pointing into the stack for thread: 0x0000000017cda800
RBP=0x0000000018a2f0b9 is pointing into the stack for thread: 0x0000000017cda800
RSI=0x0000000000000100 is an unknown value
RDI=0x000000001cb227b0 is an unknown value
R8 =0x0000000000000006 is an unknown value
R9 =0x0000000017cd71f0 is an unknown value
R10={method} {0x000000001533bbc0} 'notifyKey' '(II[CI)V' in 'com/sun/glass/ui/View'
R11=0x0000000018a2ee70 is pointing into the stack for thread: 0x0000000017cda800
R12=0x000000000015088e is an unknown value
R13=0x0000000000000100 is an unknown value
R14=0x000000000000000d is an unknown value
R15=0x00000000001c0001 is an unknown value


Stack: [0x0000000018930000,0x0000000018a30000],  sp=0x0000000018a2f060,  free space=1020k
Native frames: (J=compiled Java code, j=interpreted, Vv=VM code, C=native code)
C  [glass.dll+0x1c849]
C  [glass.dll+0x1848]
C  [USER32.dll+0xbc50]
C  [USER32.dll+0xb5cf]
C  [glass.dll+0xa7dd]
C  0x0000000003228c67

Java frames: (J=compiled Java code, j=interpreted, Vv=VM code)
j  com.sun.glass.ui.win.WinApplication._runLoop(Ljava/lang/Runnable;)V+0
j  com.sun.glass.ui.win.WinApplication.lambda$null$147(ILjava/lang/Runnable;)V+8
j  com.sun.glass.ui.win.WinApplication$$Lambda$37.run()V+12
j  java.lang.Thread.run()V+11
v  ~StubRoutines::call_stub

---------------  P R O C E S S  ---------------

Java Threads: ( => current thread )
  0x0000000018094800 JavaThread "Prism Font Disposer" daemon [_thread_blocked, id=12828, stack(0x000000001f820000,0x000000001f920000)]
  0x0000000017d10800 JavaThread "JavaFX-Launcher" [_thread_blocked, id=7460, stack(0x000000001d0c0000,0x000000001d1c0000)]
  0x0000000017d10000 JavaThread "Thread-2" daemon [_thread_in_native, id=3400, stack(0x000000001cfc0000,0x000000001d0c0000)]
=>0x0000000017cda800 JavaThread "JavaFX Application Thread" [_thread_in_native, id=12120, stack(0x0000000018930000,0x0000000018a30000)]
  0x0000000017cc3800 JavaThread "Thread-1" daemon [_thread_blocked, id=5964, stack(0x0000000018830000,0x0000000018930000)]
  0x0000000017c6b800 JavaThread "QuantumRenderer-0" daemon [_thread_blocked, id=5500, stack(0x0000000018520000,0x0000000018620000)]
  0x0000000016f7c800 JavaThread "Service Thread" daemon [_thread_blocked, id=6764, stack(0x0000000017640000,0x0000000017740000)]
  0x0000000016f00800 JavaThread "C1 CompilerThread2" daemon [_thread_blocked, id=11120, stack(0x0000000017540000,0x0000000017640000)]
  0x0000000016ed2000 JavaThread "C2 CompilerThread1" daemon [_thread_blocked, id=1048, stack(0x0000000017440000,0x0000000017540000)]
  0x0000000016ecd000 JavaThread "C2 CompilerThread0" daemon [_thread_blocked, id=12628, stack(0x0000000017340000,0x0000000017440000)]
  0x0000000016e70800 JavaThread "Monitor Ctrl-Break" daemon [_thread_in_native, id=9668, stack(0x0000000017240000,0x0000000017340000)]
  0x0000000015806800 JavaThread "Attach Listener" daemon [_thread_blocked, id=7624, stack(0x0000000016d40000,0x0000000016e40000)]
  0x0000000015805800 JavaThread "Signal Dispatcher" daemon [_thread_blocked, id=14944, stack(0x0000000016c40000,0x0000000016d40000)]
  0x000000000320e800 JavaThread "Finalizer" daemon [_thread_blocked, id=8436, stack(0x0000000016a50000,0x0000000016b50000)]
  0x0000000003203000 JavaThread "Reference Handler" daemon [_thread_blocked, id=14852, stack(0x0000000016950000,0x0000000016a50000)]
  0x0000000003113000 JavaThread "main" [_thread_blocked, id=10348, stack(0x0000000002f00000,0x0000000003000000)]

Other Threads:
  0x00000000157c7800 VMThread [stack: 0x0000000016850000,0x0000000016950000] [id=14832]
  0x0000000016fd1000 WatcherThread [stack: 0x0000000017b40000,0x0000000017c40000] [id=5248]

VM state:not at safepoint (normal execution)

VM Mutex/Monitor currently owned by a thread: None

Heap:
 PSYoungGen      total 18944K, used 16158K [0x00000000eb300000, 0x00000000ec800000, 0x0000000100000000)
  eden space 16384K, 83% used [0x00000000eb300000,0x00000000ec047e18,0x00000000ec300000)
  from space 2560K, 99% used [0x00000000ec300000,0x00000000ec57fc28,0x00000000ec580000)
  to   space 2560K, 0% used [0x00000000ec580000,0x00000000ec580000,0x00000000ec800000)
 ParOldGen       total 44032K, used 7601K [0x00000000c1800000, 0x00000000c4300000, 0x00000000eb300000)
  object space 44032K, 17% used [0x00000000c1800000,0x00000000c1f6c6e8,0x00000000c4300000)
 Metaspace       used 19348K, capacity 20624K, committed 20864K, reserved 1067008K
  class space    used 2813K, capacity 3081K, committed 3200K, reserved 1048576K

Card table byte_map: [0x00000000125d0000,0x00000000127d0000] byte_map_base: 0x0000000011fc4000

Marking Bits: (ParMarkBitMap*) 0x000000005851f860
 Begin Bits: [0x0000000012d20000, 0x0000000013cc0000)
 End Bits:   [0x0000000013cc0000, 0x0000000014c60000)

Polling page: 0x00000000010e0000

CodeCache: size=245760Kb used=7654Kb max_used=7654Kb free=238105Kb
 bounds [0x0000000003210000, 0x0000000003990000, 0x0000000012210000]
 total_blobs=3182 nmethods=2515 adapters=579
 compilation: enabled

Compilation events (10 events):
Event: 23.057 Thread 0x0000000016f00800 2511       3       javafx.beans.binding.IntegerBinding::get (25 bytes)
Event: 23.058 Thread 0x0000000016f00800 nmethod 2511 0x0000000003989110 code [0x0000000003989280, 0x00000000039894e8]
Event: 23.058 Thread 0x0000000016f00800 2512       3       javafx.scene.control.TextInputControl::getLength (8 bytes)
Event: 23.059 Thread 0x0000000016f00800 nmethod 2512 0x0000000003989590 code [0x0000000003989700, 0x0000000003989a68]
Event: 23.059 Thread 0x0000000016f00800 2513       3       javafx.scene.text.Text::getLogicalBounds (12 bytes)
Event: 23.059 Thread 0x0000000016f00800 nmethod 2513 0x0000000003989b90 code [0x0000000003989d20, 0x000000000398a038]
Event: 23.059 Thread 0x0000000016f00800 2515       3       javafx.scene.Node::notifyAccessibleAttributeChanged (41 bytes)
Event: 23.060 Thread 0x0000000016f00800 nmethod 2515 0x000000000398a1d0 code [0x000000000398a3a0, 0x000000000398ad68]
Event: 23.060 Thread 0x0000000016f00800 2514       3       com.sun.javafx.font.LogicalFont::getStrike (117 bytes)
Event: 23.061 Thread 0x0000000016f00800 nmethod 2514 0x000000000398b050 code [0x000000000398b280, 0x000000000398bfa8]

GC Heap History (6 events):
Event: 0.975 GC heap before
{Heap before GC invocations=1 (full 0):
 PSYoungGen      total 18944K, used 16384K [0x00000000eb300000, 0x00000000ec800000, 0x0000000100000000)
  eden space 16384K, 100% used [0x00000000eb300000,0x00000000ec300000,0x00000000ec300000)
  from space 2560K, 0% used [0x00000000ec580000,0x00000000ec580000,0x00000000ec800000)
  to   space 2560K, 0% used [0x00000000ec300000,0x00000000ec300000,0x00000000ec580000)
 ParOldGen       total 44032K, used 0K [0x00000000c1800000, 0x00000000c4300000, 0x00000000eb300000)
  object space 44032K, 0% used [0x00000000c1800000,0x00000000c1800000,0x00000000c4300000)
 Metaspace       used 8954K, capacity 9306K, committed 9472K, reserved 1056768K
  class space    used 1085K, capacity 1200K, committed 1280K, reserved 1048576K
Event: 0.978 GC heap after
Heap after GC invocations=1 (full 0):
 PSYoungGen      total 18944K, used 1920K [0x00000000eb300000, 0x00000000ec800000, 0x0000000100000000)
  eden space 16384K, 0% used [0x00000000eb300000,0x00000000eb300000,0x00000000ec300000)
  from space 2560K, 75% used [0x00000000ec300000,0x00000000ec4e0030,0x00000000ec580000)
  to   space 2560K, 0% used [0x00000000ec580000,0x00000000ec580000,0x00000000ec800000)
 ParOldGen       total 44032K, used 8K [0x00000000c1800000, 0x00000000c4300000, 0x00000000eb300000)
  object space 44032K, 0% used [0x00000000c1800000,0x00000000c1802000,0x00000000c4300000)
 Metaspace       used 8954K, capacity 9306K, committed 9472K, reserved 1056768K
  class space    used 1085K, capacity 1200K, committed 1280K, reserved 1048576K
}
Event: 1.700 GC heap before
{Heap before GC invocations=2 (full 0):
 PSYoungGen      total 18944K, used 18304K [0x00000000eb300000, 0x00000000ec800000, 0x0000000100000000)
  eden space 16384K, 100% used [0x00000000eb300000,0x00000000ec300000,0x00000000ec300000)
  from space 2560K, 75% used [0x00000000ec300000,0x00000000ec4e0030,0x00000000ec580000)
  to   space 2560K, 0% used [0x00000000ec580000,0x00000000ec580000,0x00000000ec800000)
 ParOldGen       total 44032K, used 8K [0x00000000c1800000, 0x00000000c4300000, 0x00000000eb300000)
  object space 44032K, 0% used [0x00000000c1800000,0x00000000c1802000,0x00000000c4300000)
 Metaspace       used 13790K, capacity 14278K, committed 14336K, reserved 1060864K
  class space    used 1868K, capacity 1999K, committed 2048K, reserved 1048576K
Event: 1.707 GC heap after
Heap after GC invocations=2 (full 0):
 PSYoungGen      total 18944K, used 2528K [0x00000000eb300000, 0x00000000ec800000, 0x0000000100000000)
  eden space 16384K, 0% used [0x00000000eb300000,0x00000000eb300000,0x00000000ec300000)
  from space 2560K, 98% used [0x00000000ec580000,0x00000000ec7f8020,0x00000000ec800000)
  to   space 2560K, 0% used [0x00000000ec300000,0x00000000ec300000,0x00000000ec580000)
 ParOldGen       total 44032K, used 2400K [0x00000000c1800000, 0x00000000c4300000, 0x00000000eb300000)
  object space 44032K, 5% used [0x00000000c1800000,0x00000000c1a58318,0x00000000c4300000)
 Metaspace       used 13790K, capacity 14278K, committed 14336K, reserved 1060864K
  class space    used 1868K, capacity 1999K, committed 2048K, reserved 1048576K
}
Event: 3.940 GC heap before
{Heap before GC invocations=3 (full 0):
 PSYoungGen      total 18944K, used 18912K [0x00000000eb300000, 0x00000000ec800000, 0x0000000100000000)
  eden space 16384K, 100% used [0x00000000eb300000,0x00000000ec300000,0x00000000ec300000)
  from space 2560K, 98% used [0x00000000ec580000,0x00000000ec7f8020,0x00000000ec800000)
  to   space 2560K, 0% used [0x00000000ec300000,0x00000000ec300000,0x00000000ec580000)
 ParOldGen       total 44032K, used 2400K [0x00000000c1800000, 0x00000000c4300000, 0x00000000eb300000)
  object space 44032K, 5% used [0x00000000c1800000,0x00000000c1a58318,0x00000000c4300000)
 Metaspace       used 16902K, capacity 17854K, committed 18176K, reserved 1064960K
  class space    used 2449K, capacity 2696K, committed 2816K, reserved 1048576K
Event: 3.949 GC heap after
Heap after GC invocations=3 (full 0):
 PSYoungGen      total 18944K, used 2559K [0x00000000eb300000, 0x00000000ec800000, 0x0000000100000000)
  eden space 16384K, 0% used [0x00000000eb300000,0x00000000eb300000,0x00000000ec300000)
  from space 2560K, 99% used [0x00000000ec300000,0x00000000ec57fc28,0x00000000ec580000)
  to   space 2560K, 0% used [0x00000000ec580000,0x00000000ec580000,0x00000000ec800000)
 ParOldGen       total 44032K, used 7601K [0x00000000c1800000, 0x00000000c4300000, 0x00000000eb300000)
  object space 44032K, 17% used [0x00000000c1800000,0x00000000c1f6c6e8,0x00000000c4300000)
 Metaspace       used 16902K, capacity 17854K, committed 18176K, reserved 1064960K
  class space    used 2449K, capacity 2696K, committed 2816K, reserved 1048576K
}

Deoptimization events (10 events):
Event: 3.896 Thread 0x0000000017cda800 Uncommon trap: reason=unstable_if action=reinterpret pc=0x00000000035ebf30 method=java.util.HashMap.hash(Ljava/lang/Object;)I @ 1
Event: 3.898 Thread 0x0000000017cda800 Uncommon trap: reason=unstable_if action=reinterpret pc=0x00000000035c3a68 method=java.util.HashMap.hash(Ljava/lang/Object;)I @ 1
Event: 3.968 Thread 0x0000000017cda800 Uncommon trap: reason=unstable_if action=reinterpret pc=0x00000000035c3410 method=java.util.HashMap.isEmpty()Z @ 4
Event: 4.003 Thread 0x0000000017cda800 Uncommon trap: reason=unstable_if action=reinterpret pc=0x0000000003523268 method=jdk.internal.org.objectweb.asm.Type.getArgumentsAndReturnSizes(Ljava/lang/String;)I @ 47
Event: 21.528 Thread 0x0000000017cda800 Uncommon trap: reason=unstable_if action=reinterpret pc=0x00000000035a69d4 method=java.io.ByteArrayInputStream.read()I @ 8
Event: 21.717 Thread 0x0000000017cda800 Uncommon trap: reason=unstable_if action=reinterpret pc=0x00000000036fb668 method=javafx.scene.CssStyleHelper.getStyle(Ljavafx/css/Styleable;Ljava/lang/String;Lcom/sun/javafx/css/StyleMap;Ljava/util/Set;)Lcom/sun/javafx/css/CascadingStyle; @ 1
Event: 21.953 Thread 0x0000000017cda800 Uncommon trap: reason=class_check action=maybe_recompile pc=0x00000000035de330 method=java.io.FilterInputStream.read()I @ 4
Event: 21.953 Thread 0x0000000017cda800 Uncommon trap: reason=class_check action=maybe_recompile pc=0x00000000035de330 method=java.io.FilterInputStream.read()I @ 4
Event: 21.953 Thread 0x0000000017cda800 Uncommon trap: reason=class_check action=maybe_recompile pc=0x00000000035de330 method=java.io.FilterInputStream.read()I @ 4
Event: 21.953 Thread 0x0000000017cda800 Uncommon trap: reason=class_check action=maybe_recompile pc=0x00000000035de330 method=java.io.FilterInputStream.read()I @ 4

Classes redefined (0 events):
No events

Internal exceptions (10 events):
Event: 1.264 Thread 0x0000000017cda800 Exception <a 'java/lang/ArrayIndexOutOfBoundsException'> (0x00000000eba5d008) thrown at [C:\re\workspace\8-2-build-windows-amd64-cygwin\jdk8u161\10277\hotspot\src\share\vm\runtime\sharedRuntime.cpp, line 605]
Event: 1.320 Thread 0x0000000017cda800 Exception <a 'java/io/FileNotFoundException'> (0x00000000ebba9d20) thrown at [C:\re\workspace\8-2-build-windows-amd64-cygwin\jdk8u161\10277\hotspot\src\share\vm\prims\jni.cpp, line 709]
Event: 3.896 Thread 0x0000000017cda800 Implicit null exception at 0x00000000034a6075 to 0x00000000034a6259
Event: 3.896 Thread 0x0000000017cda800 Implicit null exception at 0x00000000035ebe98 to 0x00000000035ebf26
Event: 3.898 Thread 0x0000000017cda800 Implicit null exception at 0x00000000035c39ef to 0x00000000035c3a59
Event: 20.978 Thread 0x0000000017cda800 Exception <a 'java/lang/NoSuchMethodError': <clinit>> (0x00000000eb66faa0) thrown at [C:\re\workspace\8-2-build-windows-amd64-cygwin\jdk8u161\10277\hotspot\src\share\vm\prims\jni.cpp, line 1613]
Event: 20.983 Thread 0x0000000017cda800 Exception <a 'java/lang/NoSuchMethodError': <clinit>> (0x00000000eb68c228) thrown at [C:\re\workspace\8-2-build-windows-amd64-cygwin\jdk8u161\10277\hotspot\src\share\vm\prims\jni.cpp, line 1613]
Event: 21.651 Thread 0x0000000017cda800 Exception <a 'java/io/FileNotFoundException'> (0x00000000eba79260) thrown at [C:\re\workspace\8-2-build-windows-amd64-cygwin\jdk8u161\10277\hotspot\src\share\vm\prims\jni.cpp, line 709]
Event: 21.694 Thread 0x0000000017cda800 Exception <a 'java/lang/NoSuchMethodError': <clinit>> (0x00000000ebace0d0) thrown at [C:\re\workspace\8-2-build-windows-amd64-cygwin\jdk8u161\10277\hotspot\src\share\vm\prims\jni.cpp, line 1613]
Event: 21.717 Thread 0x0000000017cda800 Implicit null exception at 0x00000000036fad3a to 0x00000000036fb651

Events (10 events):
Event: 22.121 loading class com/sun/scenario/effect/impl/prism/ps/PPSOneSamplerPeer
Event: 22.121 loading class com/sun/scenario/effect/impl/prism/ps/PPSOneSamplerPeer done
Event: 22.121 loading class com/sun/scenario/effect/impl/prism/ps/PPSEffectPeer
Event: 22.121 loading class com/sun/scenario/effect/impl/prism/ps/PPSEffectPeer done
Event: 22.124 loading class com/sun/scenario/effect/impl/BufferUtil
Event: 22.124 loading class com/sun/scenario/effect/impl/BufferUtil done
Event: 22.156 Executing VM operation: RevokeBias
Event: 22.156 Executing VM operation: RevokeBias done
Event: 23.055 loading class java/util/Optional
Event: 23.056 loading class java/util/Optional done


Dynamic libraries:
0x00007ff6916a0000 - 0x00007ff6916d7000 	C:\Program Files\Java\jdk1.8.0_161\bin\java.exe
0x00007ff9f2080000 - 0x00007ff9f225b000 	C:\Windows\SYSTEM32\ntdll.dll
0x00007ff9f0260000 - 0x00007ff9f030e000 	C:\Windows\System32\KERNEL32.DLL
0x00007ff9eeaa0000 - 0x00007ff9eecea000 	C:\Windows\System32\KERNELBASE.dll
0x00007ff9f0440000 - 0x00007ff9f04e1000 	C:\Windows\System32\ADVAPI32.dll
0x00007ff9f1d50000 - 0x00007ff9f1ded000 	C:\Windows\System32\msvcrt.dll
0x00007ff9f1ac0000 - 0x00007ff9f1b19000 	C:\Windows\System32\sechost.dll
0x00007ff9f0310000 - 0x00007ff9f0435000 	C:\Windows\System32\RPCRT4.dll
0x00007ff9ef5e0000 - 0x00007ff9ef72a000 	C:\Windows\System32\USER32.dll
0x00007ff9eed50000 - 0x00007ff9eed6e000 	C:\Windows\System32\win32u.dll
0x00007ff9f1df0000 - 0x00007ff9f1e17000 	C:\Windows\System32\GDI32.dll
0x00007ff9ee5a0000 - 0x00007ff9ee728000 	C:\Windows\System32\gdi32full.dll
0x00007ff9ee730000 - 0x00007ff9ee7ca000 	C:\Windows\System32\msvcp_win.dll
0x00007ff9ee9a0000 - 0x00007ff9eea96000 	C:\Windows\System32\ucrtbase.dll
0x00007ff9e9e90000 - 0x00007ff9ea0f7000 	C:\Windows\WinSxS\amd64_microsoft.windows.common-controls_6595b64144ccf1df_6.0.15063.1155_none_40c7922129a7722b\COMCTL32.dll
0x00007ff9efec0000 - 0x00007ff9f01b9000 	C:\Windows\System32\combase.dll
0x00007ff9ef4c0000 - 0x00007ff9ef52a000 	C:\Windows\System32\bcryptPrimitives.dll
0x00007ff9f0590000 - 0x00007ff9f05bd000 	C:\Windows\System32\IMM32.DLL
0x00000000585a0000 - 0x0000000058672000 	C:\Program Files\Java\jdk1.8.0_161\jre\bin\msvcr100.dll
0x0000000057d00000 - 0x000000005859f000 	C:\Program Files\Java\jdk1.8.0_161\jre\bin\server\jvm.dll
0x00007ff9f0240000 - 0x00007ff9f0248000 	C:\Windows\System32\PSAPI.DLL
0x00007ff9eac80000 - 0x00007ff9eac89000 	C:\Windows\SYSTEM32\WSOCK32.dll
0x00007ff9ec9b0000 - 0x00007ff9ec9d3000 	C:\Windows\SYSTEM32\WINMM.dll
0x00007ff9f1ce0000 - 0x00007ff9f1d4c000 	C:\Windows\System32\WS2_32.dll
0x00007ff9ea110000 - 0x00007ff9ea11a000 	C:\Windows\SYSTEM32\VERSION.dll
0x00007ff9ec950000 - 0x00007ff9ec97b000 	C:\Windows\SYSTEM32\WINMMBASE.dll
0x00007ff9ef470000 - 0x00007ff9ef4b9000 	C:\Windows\System32\cfgmgr32.dll
0x0000000057cf0000 - 0x0000000057cff000 	C:\Program Files\Java\jdk1.8.0_161\jre\bin\verify.dll
0x0000000057cc0000 - 0x0000000057ce9000 	C:\Program Files\Java\jdk1.8.0_161\jre\bin\java.dll
0x0000000057c90000 - 0x0000000057cb3000 	C:\Program Files\Java\jdk1.8.0_161\jre\bin\instrument.dll
0x0000000057c70000 - 0x0000000057c86000 	C:\Program Files\Java\jdk1.8.0_161\jre\bin\zip.dll
0x00007ff9f05c0000 - 0x00007ff9f19f8000 	C:\Windows\System32\SHELL32.dll
0x00007ff9f1c30000 - 0x00007ff9f1cda000 	C:\Windows\System32\shcore.dll
0x00007ff9eed70000 - 0x00007ff9ef461000 	C:\Windows\System32\windows.storage.dll
0x00007ff9f2020000 - 0x00007ff9f2071000 	C:\Windows\System32\shlwapi.dll
0x00007ff9ee510000 - 0x00007ff9ee521000 	C:\Windows\System32\kernel.appcore.dll
0x00007ff9ee530000 - 0x00007ff9ee57c000 	C:\Windows\System32\powrprof.dll
0x00007ff9ee580000 - 0x00007ff9ee595000 	C:\Windows\System32\profapi.dll
0x00007ff9d0740000 - 0x00007ff9d075a000 	C:\Program Files\JetBrains\IntelliJ IDEA 2018.2.4\bin\breakgen64.dll
0x0000000057c50000 - 0x0000000057c6a000 	C:\Program Files\Java\jdk1.8.0_161\jre\bin\net.dll
0x00007ff9ede00000 - 0x00007ff9ede5c000 	C:\Windows\system32\mswsock.dll
0x0000000001590000 - 0x0000000001593000 	C:\Program Files\Java\jdk1.8.0_161\jre\bin\api-ms-win-core-console-l1-1-0.dll
0x0000000002d50000 - 0x0000000002d53000 	C:\Program Files\Java\jdk1.8.0_161\jre\bin\api-ms-win-core-datetime-l1-1-0.dll
0x0000000002d60000 - 0x0000000002d63000 	C:\Program Files\Java\jdk1.8.0_161\jre\bin\api-ms-win-core-debug-l1-1-0.dll
0x0000000002d70000 - 0x0000000002d73000 	C:\Program Files\Java\jdk1.8.0_161\jre\bin\api-ms-win-core-errorhandling-l1-1-0.dll
0x0000000002d80000 - 0x0000000002d84000 	C:\Program Files\Java\jdk1.8.0_161\jre\bin\api-ms-win-core-file-l1-1-0.dll
0x0000000002d90000 - 0x0000000002d93000 	C:\Program Files\Java\jdk1.8.0_161\jre\bin\api-ms-win-core-file-l1-2-0.dll
0x0000000002da0000 - 0x0000000002da3000 	C:\Program Files\Java\jdk1.8.0_161\jre\bin\api-ms-win-core-file-l2-1-0.dll
0x0000000002db0000 - 0x0000000002db3000 	C:\Program Files\Java\jdk1.8.0_161\jre\bin\api-ms-win-core-handle-l1-1-0.dll
0x0000000002dc0000 - 0x0000000002dc3000 	C:\Program Files\Java\jdk1.8.0_161\jre\bin\api-ms-win-core-heap-l1-1-0.dll
0x0000000002dd0000 - 0x0000000002dd3000 	C:\Program Files\Java\jdk1.8.0_161\jre\bin\api-ms-win-core-interlocked-l1-1-0.dll
0x0000000002de0000 - 0x0000000002de3000 	C:\Program Files\Java\jdk1.8.0_161\jre\bin\api-ms-win-core-libraryloader-l1-1-0.dll
0x0000000002df0000 - 0x0000000002df3000 	C:\Program Files\Java\jdk1.8.0_161\jre\bin\api-ms-win-core-localization-l1-2-0.dll
0x0000000002e00000 - 0x0000000002e03000 	C:\Program Files\Java\jdk1.8.0_161\jre\bin\api-ms-win-core-memory-l1-1-0.dll
0x0000000002e10000 - 0x0000000002e13000 	C:\Program Files\Java\jdk1.8.0_161\jre\bin\api-ms-win-core-namedpipe-l1-1-0.dll
0x0000000002e20000 - 0x0000000002e23000 	C:\Program Files\Java\jdk1.8.0_161\jre\bin\api-ms-win-core-processenvironment-l1-1-0.dll
0x0000000002e40000 - 0x0000000002e43000 	C:\Program Files\Java\jdk1.8.0_161\jre\bin\api-ms-win-core-processthreads-l1-1-0.dll
0x0000000002e50000 - 0x0000000002e53000 	C:\Program Files\Java\jdk1.8.0_161\jre\bin\api-ms-win-core-processthreads-l1-1-1.dll
0x0000000002e60000 - 0x0000000002e63000 	C:\Program Files\Java\jdk1.8.0_161\jre\bin\api-ms-win-core-profile-l1-1-0.dll
0x0000000002e70000 - 0x0000000002e73000 	C:\Program Files\Java\jdk1.8.0_161\jre\bin\api-ms-win-core-rtlsupport-l1-1-0.dll
0x0000000002e80000 - 0x0000000002e83000 	C:\Program Files\Java\jdk1.8.0_161\jre\bin\api-ms-win-core-string-l1-1-0.dll
0x0000000002e90000 - 0x0000000002e93000 	C:\Program Files\Java\jdk1.8.0_161\jre\bin\api-ms-win-core-synch-l1-1-0.dll
0x0000000002ea0000 - 0x0000000002ea3000 	C:\Program Files\Java\jdk1.8.0_161\jre\bin\api-ms-win-core-synch-l1-2-0.dll
0x0000000002eb0000 - 0x0000000002eb3000 	C:\Program Files\Java\jdk1.8.0_161\jre\bin\api-ms-win-core-sysinfo-l1-1-0.dll
0x0000000002ec0000 - 0x0000000002ec3000 	C:\Program Files\Java\jdk1.8.0_161\jre\bin\api-ms-win-core-timezone-l1-1-0.dll
0x0000000002ed0000 - 0x0000000002ed3000 	C:\Program Files\Java\jdk1.8.0_161\jre\bin\api-ms-win-core-util-l1-1-0.dll
0x0000000002ee0000 - 0x0000000002ee3000 	C:\Program Files\Java\jdk1.8.0_161\jre\bin\api-ms-win-crt-conio-l1-1-0.dll
0x0000000018440000 - 0x0000000018444000 	C:\Program Files\Java\jdk1.8.0_161\jre\bin\api-ms-win-crt-convert-l1-1-0.dll
0x0000000018450000 - 0x0000000018453000 	C:\Program Files\Java\jdk1.8.0_161\jre\bin\api-ms-win-crt-environment-l1-1-0.dll
0x0000000018460000 - 0x0000000018463000 	C:\Program Files\Java\jdk1.8.0_161\jre\bin\api-ms-win-crt-filesystem-l1-1-0.dll
0x0000000018470000 - 0x0000000018473000 	C:\Program Files\Java\jdk1.8.0_161\jre\bin\api-ms-win-crt-heap-l1-1-0.dll
0x0000000018480000 - 0x0000000018483000 	C:\Program Files\Java\jdk1.8.0_161\jre\bin\api-ms-win-crt-locale-l1-1-0.dll
0x0000000018490000 - 0x0000000018495000 	C:\Program Files\Java\jdk1.8.0_161\jre\bin\api-ms-win-crt-math-l1-1-0.dll
0x00000000184a0000 - 0x00000000184a5000 	C:\Program Files\Java\jdk1.8.0_161\jre\bin\api-ms-win-crt-multibyte-l1-1-0.dll
0x00000000184b0000 - 0x00000000184c0000 	C:\Program Files\Java\jdk1.8.0_161\jre\bin\api-ms-win-crt-private-l1-1-0.dll
0x00000000184c0000 - 0x00000000184c3000 	C:\Program Files\Java\jdk1.8.0_161\jre\bin\api-ms-win-crt-process-l1-1-0.dll
0x00000000184d0000 - 0x00000000184d4000 	C:\Program Files\Java\jdk1.8.0_161\jre\bin\api-ms-win-crt-runtime-l1-1-0.dll
0x00000000184e0000 - 0x00000000184e4000 	C:\Program Files\Java\jdk1.8.0_161\jre\bin\api-ms-win-crt-stdio-l1-1-0.dll
0x00000000184f0000 - 0x00000000184f4000 	C:\Program Files\Java\jdk1.8.0_161\jre\bin\api-ms-win-crt-string-l1-1-0.dll
0x0000000018500000 - 0x0000000018503000 	C:\Program Files\Java\jdk1.8.0_161\jre\bin\api-ms-win-crt-time-l1-1-0.dll
0x0000000018510000 - 0x0000000018513000 	C:\Program Files\Java\jdk1.8.0_161\jre\bin\api-ms-win-crt-utility-l1-1-0.dll
0x00007ff9cab80000 - 0x00007ff9cac76000 	C:\Program Files\Java\jdk1.8.0_161\jre\bin\ucrtbase.dll
0x00007ff9c4c20000 - 0x00007ff9c4c71000 	C:\Program Files\Java\jdk1.8.0_161\jre\bin\concrt140.dll
0x00007ff9cfad0000 - 0x00007ff9cfae6000 	C:\Windows\SYSTEM32\VCRUNTIME140.dll
0x00007ff9c0b70000 - 0x00007ff9c0c0b000 	C:\Windows\SYSTEM32\MSVCP140.dll
0x00007ff9cbb30000 - 0x00007ff9cbb46000 	C:\Program Files\Java\jdk1.8.0_161\jre\bin\vcruntime140.dll
0x00007ff9bb840000 - 0x00007ff9bb8dc000 	C:\Program Files\Java\jdk1.8.0_161\jre\bin\msvcp140.dll
0x0000000057c20000 - 0x0000000057c43000 	C:\Program Files\Java\jdk1.8.0_161\jre\bin\prism_d3d.dll
0x00007ff9bee70000 - 0x00007ff9beff9000 	C:\Windows\system32\d3d9.dll
0x00007ff9ebe30000 - 0x00007ff9ebe5a000 	C:\Windows\SYSTEM32\dwmapi.dll
0x00007ff9ecd30000 - 0x00007ff9ecdc5000 	C:\Windows\system32\uxtheme.dll
0x00007ff9aa5e0000 - 0x00007ff9acb1d000 	C:\Windows\SYSTEM32\igdumdim64.dll
0x00007ff9f1a00000 - 0x00007ff9f1ac0000 	C:\Windows\System32\OLEAUT32.dll
0x00007ff9ef730000 - 0x00007ff9ef875000 	C:\Windows\System32\ole32.dll
0x00007ff9efa10000 - 0x00007ff9efe4b000 	C:\Windows\System32\SETUPAPI.dll
0x0000000057bd0000 - 0x0000000057c19000 	C:\Program Files\Java\jdk1.8.0_161\jre\bin\glass.dll
0x00007ff9f1b20000 - 0x00007ff9f1c28000 	C:\Windows\System32\COMDLG32.dll
0x00007ff9ef880000 - 0x00007ff9ef9e6000 	C:\Windows\System32\MSCTF.dll
0x00007ff9c69e0000 - 0x00007ff9c7420000 	C:\Windows\SYSTEM32\igdusc64.dll
0x0000000057b90000 - 0x0000000057ba4000 	C:\Program Files\Java\jdk1.8.0_161\jre\bin\javafx_font.dll
0x00007ff9e5d30000 - 0x00007ff9e5fef000 	C:\Windows\SYSTEM32\dwrite.dll
0x00007ff9f04f0000 - 0x00007ff9f058e000 	C:\Windows\System32\clbcatq.dll
0x00007ff9e5040000 - 0x00007ff9e51ec000 	C:\Windows\SYSTEM32\WindowsCodecs.dll
0x00007ff9de750000 - 0x00007ff9de797000 	C:\Windows\system32\dataexchange.dll
0x00007ff9ebb50000 - 0x00007ff9ebe2f000 	C:\Windows\system32\d3d11.dll
0x00007ff9ec560000 - 0x00007ff9ec683000 	C:\Windows\system32\dcomp.dll
0x00007ff9ed440000 - 0x00007ff9ed4e4000 	C:\Windows\system32\dxgi.dll
0x00007ff9ecfa0000 - 0x00007ff9ed110000 	C:\Windows\system32\twinapi.appcore.dll
0x00007ff9ee0b0000 - 0x00007ff9ee0d5000 	C:\Windows\system32\bcrypt.dll
0x00007ff9e7f70000 - 0x00007ff9e7fa1000 	C:\Program Files\Common Files\Microsoft Shared\Ink\rtscom.dll
0x00007ff9e9930000 - 0x00007ff9e99b1000 	C:\Windows\System32\TextInputFramework.dll
0x00007ff9e8e80000 - 0x00007ff9e9153000 	C:\Windows\System32\CoreUIComponents.dll
0x00007ff9ec440000 - 0x00007ff9ec524000 	C:\Windows\System32\CoreMessaging.dll
0x00007ff9ed700000 - 0x00007ff9ed731000 	C:\Windows\SYSTEM32\ntmarta.dll
0x00007ff9ea680000 - 0x00007ff9ea7b9000 	C:\Windows\SYSTEM32\wintypes.dll
0x00007ff9eb220000 - 0x00007ff9eb235000 	C:\Windows\SYSTEM32\usermgrcli.dll
0x0000000057b60000 - 0x0000000057b83000 	C:\Program Files\Java\jdk1.8.0_161\jre\bin\javafx_iio.dll
0x0000000057b40000 - 0x0000000057b52000 	C:\Program Files\Java\jdk1.8.0_161\jre\bin\prism_common.dll
0x00007ff9eaa80000 - 0x00007ff9eac29000 	C:\Windows\SYSTEM32\dbghelp.dll

VM Arguments:
jvm_args: -javaagent:C:\Program Files\JetBrains\IntelliJ IDEA 2018.2.4\lib\idea_rt.jar=10448:C:\Program Files\JetBrains\IntelliJ IDEA 2018.2.4\bin -Dfile.encoding=UTF-8 
java_command: start.StartClient
java_class_path (initial): C:\Program Files\Java\jdk1.8.0_161\jre\lib\charsets.jar;C:\Program Files\Java\jdk1.8.0_161\jre\lib\deploy.jar;C:\Program Files\Java\jdk1.8.0_161\jre\lib\ext\access-bridge-64.jar;C:\Program Files\Java\jdk1.8.0_161\jre\lib\ext\cldrdata.jar;C:\Program Files\Java\jdk1.8.0_161\jre\lib\ext\dnsns.jar;C:\Program Files\Java\jdk1.8.0_161\jre\lib\ext\jaccess.jar;C:\Program Files\Java\jdk1.8.0_161\jre\lib\ext\jfxrt.jar;C:\Program Files\Java\jdk1.8.0_161\jre\lib\ext\localedata.jar;C:\Program Files\Java\jdk1.8.0_161\jre\lib\ext\nashorn.jar;C:\Program Files\Java\jdk1.8.0_161\jre\lib\ext\sunec.jar;C:\Program Files\Java\jdk1.8.0_161\jre\lib\ext\sunjce_provider.jar;C:\Program Files\Java\jdk1.8.0_161\jre\lib\ext\sunmscapi.jar;C:\Program Files\Java\jdk1.8.0_161\jre\lib\ext\sunpkcs11.jar;C:\Program Files\Java\jdk1.8.0_161\jre\lib\ext\zipfs.jar;C:\Program Files\Java\jdk1.8.0_161\jre\lib\javaws.jar;C:\Program Files\Java\jdk1.8.0_161\jre\lib\jce.jar;C:\Program Files\Java\jdk1.8.0_161\jre\lib\jfr.jar;C:\Program Files\Java\jdk1.8.0_161\jre\lib\jfxswt.jar;C:\Program Files\Java\jdk1.8.0_161\jre\lib\jsse.jar;C:\Program Files\Java\jdk1.8.0_161\jre\lib\management-agent.jar;C:\Program Files\Java\jdk1.8.0_161\jre\lib\plugin.jar;C:\Program Files\Java\jdk1.8.0_161\jre\lib\resources.jar;C:\Program Files\Java\jdk1.8.0_161\jre\lib\rt.jar;D:\mysql-connector-java-5.1.47\mysql-connector-java-5.1.47-bin.jar;C:\Users\DEN\IdeaProjects\projectPolyclinics\out\production\projectPolyclinics;C:\Program Files\JetBrains\IntelliJ IDEA 2018.2.4\lib\idea_rt.jar
Launcher Type: SUN_STANDARD

Environment Variables:
JAVA_HOME=C:\Program Files\Java\jdk1.8.0_141
PATH=C:\Program Files (x86)\Common Files\Oracle\Java\javapath;C:\ProgramData\Oracle\Java\javapath;C:\WinAVR-20100110\bin;C:\WinAVR-20100110\utils\bin;C:\Windows\system32;C:\Windows;C:\Windows\System32\Wbem;C:\Windows\System32\WindowsPowerShell\v1.0\;C:\Program Files\Microsoft SQL Server\130\Tools\Binn\;C:\Program Files\dotnet\;C:\Program Files\Git\cmd;C:\Program Files\Microsoft SQL Server\Client SDK\ODBC\130\Tools\Binn\;C:\Program Files (x86)\Microsoft SQL Server\140\Tools\Binn\;C:\Program Files\Microsoft SQL Server\140\Tools\Binn\;C:\Program Files\Microsoft SQL Server\140\DTS\Binn\;C:\Program Files (x86)\Microsoft SQL Server\Client SDK\ODBC\130\Tools\Binn\;C:\Program Files (x86)\Microsoft SQL Server\140\DTS\Binn\;C:\Program Files (x86)\Microsoft SQL Server\140\Tools\Binn\ManagementStudio\;C:\Program Files\nodejs\;C:\Program Files (x86)\GtkSharp\2.12\bin;C:\Program Files (x86)\Silk\SilkTest;C:\Program Files (x86)\Silk\SilkTest\ng\gui;C:\Windows\system32\config\systemprofile\.dnx\bin;C:\Program Files\Microsoft DNX\Dnvm\;C:\Program Files (x86)\Windows Kits\8.1\Windows Performance Toolkit\;C:\Users\DEN\AppData\Local\Microsoft\WindowsApps;;C:\Program Files (x86)\GNU Tools ARM Embedded\4.6 2012q4\bin;C:\Users\DEN\AppData\Roaming\npm
USERNAME=DEN
OS=Windows_NT
PROCESSOR_IDENTIFIER=Intel64 Family 6 Model 61 Stepping 4, GenuineIntel



---------------  S Y S T E M  ---------------

OS: Windows 10.0 , 64 bit Build 15063 (10.0.15063.1058)

CPU:total 4 (initial active 4) (2 cores per cpu, 2 threads per core) family 6 model 61 stepping 4, cmov, cx8, fxsr, mmx, sse, sse2, sse3, ssse3, sse4.1, sse4.2, popcnt, avx, avx2, aes, clmul, erms, 3dnowpref, lzcnt, ht, tsc, tscinvbit, bmi1, bmi2, adx

Memory: 4k page, physical 4091248k(638916k free), swap 9672800k(2604048k free)

vm_info: Java HotSpot(TM) 64-Bit Server VM (25.161-b12) for windows-amd64 JRE (1.8.0_161-b12), built on Dec 19 2017 17:52:25 by "java_re" with MS VC++ 10.0 (VS2010)

time: Wed Dec 12 22:28:53 2018
elapsed time: 23 seconds (0d 0h 0m 23s)

