#
# A fatal error has been detected by the Java Runtime Environment:
#
#  EXCEPTION_ACCESS_VIOLATION (0xc0000005) at pc=0x0000000057bdc849, pid=11276, tid=0x000000000000307c
#
# JRE version: Java(TM) SE Runtime Environment (8.0_161-b12) (build 1.8.0_161-b12)
# Java VM: Java HotSpot(TM) 64-Bit Server VM (25.161-b12 mixed mode windows-amd64 compressed oops)
# Problematic frame:
# C  [glass.dll+0x1c849]
#
# Failed to write core dump. Minidumps are not enabled by default on client versions of Windows
#
# If you would like to submit a bug report, please visit:
#   http://bugreport.java.com/bugreport/crash.jsp
# The crash happened outside the Java Virtual Machine in native code.
# See problematic frame for where to report the bug.
#

---------------  T H R E A D  ---------------

Current thread (0x0000000017b6f000):  JavaThread "JavaFX Application Thread" [_thread_in_native, id=12412, stack(0x00000000188b0000,0x00000000189b0000)]

siginfo: ExceptionCode=0xc0000005, reading address 0x00000000186d5d28

Registers:
RAX=0x0000000000000000, RBX=0x00000000186d5c20, RCX=0x503aabf5dd2d0000, RDX=0x00000000170a84b0
RSP=0x00000000189af180, RBP=0x00000000189af1d9, RSI=0x0000000000000100, RDI=0x00000000186d5c20
R8 =0x0000000000000006, R9 =0x0000000017b63ca0, R10=0x00000000152abbb8, R11=0x00000000189aef90
R12=0x0000000000670312, R13=0x0000000000000100, R14=0x000000000000000d, R15=0x00000000001c0001
RIP=0x0000000057bdc849, EFLAGS=0x0000000000010206

Top of Stack: (sp=0x00000000189af180)
0x00000000189af180:   0000000000000000 00000000186d5c20
0x00000000189af190:   000000000000000d 0000000018637c30
0x00000000189af1a0:   00000000001c0001 00007ff9ef89aad0
0x00000000189af1b0:   0000000000000000 00000000189af1c0
0x00000000189af1c0:   0000000000180016 0000000000000000
0x00000000189af1d0:   0000000000000000 00007ff900000000
0x00000000189af1e0:   0000000001080350 0000503ab36f2cad
0x00000000189af1f0:   0000000057be85c0 0000000000000100
0x00000000189af200:   0000000000670312 00000000186d5c20
0x00000000189af210:   0000000000000000 00000000001c0001
0x00000000189af220:   0000000000670312 0000000000000100
0x00000000189af230:   000000000000000d 0000000057bc1848
0x00000000189af240:   000000000000000d 0000000000000100
0x00000000189af250:   0000000000000001 00007ff9ef5f3cf4
0x00000000189af260:   0000000000000000 00007ff9ef5ebc50
0x00000000189af270:   0000000000000001 00000000189af520 

Instructions: (pc=0x0000000057bdc849)
0x0000000057bdc829:   00 00 0f 84 75 03 00 00 48 8b 57 08 48 8d 4f 28
0x0000000057bdc839:   4d 8b ce 4c 89 7c 24 20 44 8b c6 e8 d7 38 00 00
0x0000000057bdc849:   48 83 bf 08 01 00 00 00 0f 85 48 fd ff ff 49 83
0x0000000057bdc859:   fe 12 0f 84 45 03 00 00 49 83 fe 79 0f 85 34 fd 


Register to memory mapping:

RAX=0x0000000000000000 is an unknown value
RBX=0x00000000186d5c20 is an unknown value
RCX=0x503aabf5dd2d0000 is an unknown value
RDX=0x00000000170a84b0 is an unknown value
RSP=0x00000000189af180 is pointing into the stack for thread: 0x0000000017b6f000
RBP=0x00000000189af1d9 is pointing into the stack for thread: 0x0000000017b6f000
RSI=0x0000000000000100 is an unknown value
RDI=0x00000000186d5c20 is an unknown value
R8 =0x0000000000000006 is an unknown value
R9 =0x0000000017b63ca0 is an unknown value
R10={method} {0x00000000152abbc0} 'notifyKey' '(II[CI)V' in 'com/sun/glass/ui/View'
R11=0x00000000189aef90 is pointing into the stack for thread: 0x0000000017b6f000
R12=0x0000000000670312 is an unknown value
R13=0x0000000000000100 is an unknown value
R14=0x000000000000000d is an unknown value
R15=0x00000000001c0001 is an unknown value


Stack: [0x00000000188b0000,0x00000000189b0000],  sp=0x00000000189af180,  free space=1020k
Native frames: (J=compiled Java code, j=interpreted, Vv=VM code, C=native code)
C  [glass.dll+0x1c849]
C  [glass.dll+0x1848]
C  [USER32.dll+0xbc50]
C  [USER32.dll+0xb5cf]
C  [glass.dll+0xa7dd]
C  0x0000000003198c67

Java frames: (J=compiled Java code, j=interpreted, Vv=VM code)
j  com.sun.glass.ui.win.WinApplication._runLoop(Ljava/lang/Runnable;)V+0
j  com.sun.glass.ui.win.WinApplication.lambda$null$147(ILjava/lang/Runnable;)V+8
j  com.sun.glass.ui.win.WinApplication$$Lambda$37.run()V+12
j  java.lang.Thread.run()V+11
v  ~StubRoutines::call_stub

---------------  P R O C E S S  ---------------

Java Threads: ( => current thread )
  0x0000000017d96800 JavaThread "Prism Font Disposer" daemon [_thread_blocked, id=13356, stack(0x000000001f6c0000,0x000000001f7c0000)]
  0x0000000017bad000 JavaThread "Thread-3" daemon [_thread_in_native, id=1564, stack(0x000000001ce40000,0x000000001cf40000)]
  0x0000000017bac800 JavaThread "JavaFX-Launcher" [_thread_blocked, id=15332, stack(0x000000001cf40000,0x000000001d040000)]
=>0x0000000017b6f000 JavaThread "JavaFX Application Thread" [_thread_in_native, id=12412, stack(0x00000000188b0000,0x00000000189b0000)]
  0x0000000017b68000 JavaThread "Thread-1" daemon [_thread_blocked, id=12736, stack(0x00000000187b0000,0x00000000188b0000)]
  0x0000000017af9000 JavaThread "QuantumRenderer-0" daemon [_thread_blocked, id=11712, stack(0x0000000018440000,0x0000000018540000)]
  0x0000000016dc4800 JavaThread "Service Thread" daemon [_thread_blocked, id=14032, stack(0x00000000174c0000,0x00000000175c0000)]
  0x0000000016d53800 JavaThread "C1 CompilerThread2" daemon [_thread_blocked, id=14652, stack(0x00000000173c0000,0x00000000174c0000)]
  0x0000000016d53000 JavaThread "C2 CompilerThread1" daemon [_thread_blocked, id=5640, stack(0x00000000172c0000,0x00000000173c0000)]
  0x0000000016d4e000 JavaThread "C2 CompilerThread0" daemon [_thread_blocked, id=5392, stack(0x00000000171c0000,0x00000000172c0000)]
  0x0000000016ced000 JavaThread "Monitor Ctrl-Break" daemon [_thread_in_native, id=5680, stack(0x00000000170c0000,0x00000000171c0000)]
  0x0000000015776800 JavaThread "Attach Listener" daemon [_thread_blocked, id=5952, stack(0x0000000016bc0000,0x0000000016cc0000)]
  0x0000000015775800 JavaThread "Signal Dispatcher" daemon [_thread_blocked, id=8808, stack(0x0000000016ac0000,0x0000000016bc0000)]
  0x000000000317e800 JavaThread "Finalizer" daemon [_thread_blocked, id=9960, stack(0x00000000169c0000,0x0000000016ac0000)]
  0x0000000003173000 JavaThread "Reference Handler" daemon [_thread_blocked, id=7528, stack(0x00000000168c0000,0x00000000169c0000)]
  0x0000000003083000 JavaThread "main" [_thread_blocked, id=9416, stack(0x0000000002e30000,0x0000000002f30000)]

Other Threads:
  0x0000000015737800 VMThread [stack: 0x00000000167c0000,0x00000000168c0000] [id=7020]
  0x0000000016e63800 WatcherThread [stack: 0x00000000179c0000,0x0000000017ac0000] [id=10060]

VM state:not at safepoint (normal execution)

VM Mutex/Monitor currently owned by a thread: None

Heap:
 PSYoungGen      total 18944K, used 8310K [0x00000000eb300000, 0x00000000ec800000, 0x0000000100000000)
  eden space 16384K, 37% used [0x00000000eb300000,0x00000000eb90c010,0x00000000ec300000)
  from space 2560K, 82% used [0x00000000ec580000,0x00000000ec791ab0,0x00000000ec800000)
  to   space 2560K, 0% used [0x00000000ec300000,0x00000000ec300000,0x00000000ec580000)
 ParOldGen       total 44032K, used 8750K [0x00000000c1800000, 0x00000000c4300000, 0x00000000eb300000)
  object space 44032K, 19% used [0x00000000c1800000,0x00000000c208bb20,0x00000000c4300000)
 Metaspace       used 19114K, capacity 20260K, committed 20480K, reserved 1067008K
  class space    used 2770K, capacity 3027K, committed 3072K, reserved 1048576K

Card table byte_map: [0x0000000012540000,0x0000000012740000] byte_map_base: 0x0000000011f34000

Marking Bits: (ParMarkBitMap*) 0x000000005869f860
 Begin Bits: [0x0000000012c90000, 0x0000000013c30000)
 End Bits:   [0x0000000013c30000, 0x0000000014bd0000)

Polling page: 0x0000000001000000

CodeCache: size=245760Kb used=7232Kb max_used=7232Kb free=238527Kb
 bounds [0x0000000003180000, 0x00000000038a0000, 0x0000000012180000]
 total_blobs=3020 nmethods=2358 adapters=574
 compilation: enabled

Compilation events (10 events):
Event: 23.132 Thread 0x0000000016d53800 2366       1       com.sun.glass.ui.Screen::getX (5 bytes)
Event: 23.132 Thread 0x0000000016d53800 nmethod 2366 0x0000000003889290 code [0x00000000038893e0, 0x00000000038894f0]
Event: 23.132 Thread 0x0000000016d53800 2367       1       com.sun.glass.ui.Screen::getY (5 bytes)
Event: 23.132 Thread 0x0000000016d53800 nmethod 2367 0x0000000003891c10 code [0x0000000003891d60, 0x0000000003891e70]
Event: 23.134 Thread 0x0000000016d53800 2368       3       com.sun.prism.paint.Color::isOpaque (15 bytes)
Event: 23.135 Thread 0x0000000016d53800 nmethod 2368 0x0000000003893510 code [0x0000000003893680, 0x0000000003893870]
Event: 23.136 Thread 0x0000000016d53800 2369       3       javafx.scene.Node::isFocusTraversable (19 bytes)
Event: 23.137 Thread 0x0000000016d53800 nmethod 2369 0x0000000003893910 code [0x0000000003893a80, 0x0000000003893e48]
Event: 23.140 Thread 0x0000000016d53800 2370       3       javafx.scene.text.Text::getLogicalBounds (12 bytes)
Event: 23.141 Thread 0x0000000016d53800 nmethod 2370 0x0000000003893f90 code [0x0000000003894120, 0x0000000003894438]

GC Heap History (8 events):
Event: 0.977 GC heap before
{Heap before GC invocations=1 (full 0):
 PSYoungGen      total 18944K, used 16384K [0x00000000eb300000, 0x00000000ec800000, 0x0000000100000000)
  eden space 16384K, 100% used [0x00000000eb300000,0x00000000ec300000,0x00000000ec300000)
  from space 2560K, 0% used [0x00000000ec580000,0x00000000ec580000,0x00000000ec800000)
  to   space 2560K, 0% used [0x00000000ec300000,0x00000000ec300000,0x00000000ec580000)
 ParOldGen       total 44032K, used 0K [0x00000000c1800000, 0x00000000c4300000, 0x00000000eb300000)
  object space 44032K, 0% used [0x00000000c1800000,0x00000000c1800000,0x00000000c4300000)
 Metaspace       used 8616K, capacity 8926K, committed 9088K, reserved 1056768K
  class space    used 1025K, capacity 1098K, committed 1152K, reserved 1048576K
Event: 0.980 GC heap after
Heap after GC invocations=1 (full 0):
 PSYoungGen      total 18944K, used 1956K [0x00000000eb300000, 0x00000000ec800000, 0x0000000100000000)
  eden space 16384K, 0% used [0x00000000eb300000,0x00000000eb300000,0x00000000ec300000)
  from space 2560K, 76% used [0x00000000ec300000,0x00000000ec4e9180,0x00000000ec580000)
  to   space 2560K, 0% used [0x00000000ec580000,0x00000000ec580000,0x00000000ec800000)
 ParOldGen       total 44032K, used 8K [0x00000000c1800000, 0x00000000c4300000, 0x00000000eb300000)
  object space 44032K, 0% used [0x00000000c1800000,0x00000000c1802000,0x00000000c4300000)
 Metaspace       used 8616K, capacity 8926K, committed 9088K, reserved 1056768K
  class space    used 1025K, capacity 1098K, committed 1152K, reserved 1048576K
}
Event: 1.762 GC heap before
{Heap before GC invocations=2 (full 0):
 PSYoungGen      total 18944K, used 18340K [0x00000000eb300000, 0x00000000ec800000, 0x0000000100000000)
  eden space 16384K, 100% used [0x00000000eb300000,0x00000000ec300000,0x00000000ec300000)
  from space 2560K, 76% used [0x00000000ec300000,0x00000000ec4e9180,0x00000000ec580000)
  to   space 2560K, 0% used [0x00000000ec580000,0x00000000ec580000,0x00000000ec800000)
 ParOldGen       total 44032K, used 8K [0x00000000c1800000, 0x00000000c4300000, 0x00000000eb300000)
  object space 44032K, 0% used [0x00000000c1800000,0x00000000c1802000,0x00000000c4300000)
 Metaspace       used 13322K, capacity 13766K, committed 13952K, reserved 1060864K
  class space    used 1767K, capacity 1899K, committed 1920K, reserved 1048576K
Event: 1.769 GC heap after
Heap after GC invocations=2 (full 0):
 PSYoungGen      total 18944K, used 2536K [0x00000000eb300000, 0x00000000ec800000, 0x0000000100000000)
  eden space 16384K, 0% used [0x00000000eb300000,0x00000000eb300000,0x00000000ec300000)
  from space 2560K, 99% used [0x00000000ec580000,0x00000000ec7fa328,0x00000000ec800000)
  to   space 2560K, 0% used [0x00000000ec300000,0x00000000ec300000,0x00000000ec580000)
 ParOldGen       total 44032K, used 2220K [0x00000000c1800000, 0x00000000c4300000, 0x00000000eb300000)
  object space 44032K, 5% used [0x00000000c1800000,0x00000000c1a2b070,0x00000000c4300000)
 Metaspace       used 13322K, capacity 13766K, committed 13952K, reserved 1060864K
  class space    used 1767K, capacity 1899K, committed 1920K, reserved 1048576K
}
Event: 16.330 GC heap before
{Heap before GC invocations=3 (full 0):
 PSYoungGen      total 18944K, used 18920K [0x00000000eb300000, 0x00000000ec800000, 0x0000000100000000)
  eden space 16384K, 100% used [0x00000000eb300000,0x00000000ec300000,0x00000000ec300000)
  from space 2560K, 99% used [0x00000000ec580000,0x00000000ec7fa328,0x00000000ec800000)
  to   space 2560K, 0% used [0x00000000ec300000,0x00000000ec300000,0x00000000ec580000)
 ParOldGen       total 44032K, used 2220K [0x00000000c1800000, 0x00000000c4300000, 0x00000000eb300000)
  object space 44032K, 5% used [0x00000000c1800000,0x00000000c1a2b070,0x00000000c4300000)
 Metaspace       used 16656K, capacity 17358K, committed 17664K, reserved 1064960K
  class space    used 2352K, capacity 2524K, committed 2560K, reserved 1048576K
Event: 16.337 GC heap after
Heap after GC invocations=3 (full 0):
 PSYoungGen      total 18944K, used 2536K [0x00000000eb300000, 0x00000000ec800000, 0x0000000100000000)
  eden space 16384K, 0% used [0x00000000eb300000,0x00000000eb300000,0x00000000ec300000)
  from space 2560K, 99% used [0x00000000ec300000,0x00000000ec57a318,0x00000000ec580000)
  to   space 2560K, 0% used [0x00000000ec580000,0x00000000ec580000,0x00000000ec800000)
 ParOldGen       total 44032K, used 7582K [0x00000000c1800000, 0x00000000c4300000, 0x00000000eb300000)
  object space 44032K, 17% used [0x00000000c1800000,0x00000000c1f67818,0x00000000c4300000)
 Metaspace       used 16656K, capacity 17358K, committed 17664K, reserved 1064960K
  class space    used 2352K, capacity 2524K, committed 2560K, reserved 1048576K
}
Event: 21.526 GC heap before
{Heap before GC invocations=4 (full 0):
 PSYoungGen      total 18944K, used 18920K [0x00000000eb300000, 0x00000000ec800000, 0x0000000100000000)
  eden space 16384K, 100% used [0x00000000eb300000,0x00000000ec300000,0x00000000ec300000)
  from space 2560K, 99% used [0x00000000ec300000,0x00000000ec57a318,0x00000000ec580000)
  to   space 2560K, 0% used [0x00000000ec580000,0x00000000ec580000,0x00000000ec800000)
 ParOldGen       total 44032K, used 7582K [0x00000000c1800000, 0x00000000c4300000, 0x00000000eb300000)
  object space 44032K, 17% used [0x00000000c1800000,0x00000000c1f67818,0x00000000c4300000)
 Metaspace       used 17700K, capacity 18500K, committed 18688K, reserved 1064960K
  class space    used 2513K, capacity 2747K, committed 2816K, reserved 1048576K
Event: 21.532 GC heap after
Heap after GC invocations=4 (full 0):
 PSYoungGen      total 18944K, used 2118K [0x00000000eb300000, 0x00000000ec800000, 0x0000000100000000)
  eden space 16384K, 0% used [0x00000000eb300000,0x00000000eb300000,0x00000000ec300000)
  from space 2560K, 82% used [0x00000000ec580000,0x00000000ec791ab0,0x00000000ec800000)
  to   space 2560K, 0% used [0x00000000ec300000,0x00000000ec300000,0x00000000ec580000)
 ParOldGen       total 44032K, used 8750K [0x00000000c1800000, 0x00000000c4300000, 0x00000000eb300000)
  object space 44032K, 19% used [0x00000000c1800000,0x00000000c208bb20,0x00000000c4300000)
 Metaspace       used 17700K, capacity 18500K, committed 18688K, reserved 1064960K
  class space    used 2513K, capacity 2747K, committed 2816K, reserved 1048576K
}

Deoptimization events (10 events):
Event: 3.995 Thread 0x0000000017b6f000 Uncommon trap: reason=unstable_if action=reinterpret pc=0x000000000342ba60 method=java.util.HashMap.hash(Ljava/lang/Object;)I @ 1
Event: 3.995 Thread 0x0000000017b6f000 Uncommon trap: reason=unstable_if action=reinterpret pc=0x00000000035b12f0 method=java.util.HashMap.hash(Ljava/lang/Object;)I @ 1
Event: 3.997 Thread 0x0000000017b6f000 Uncommon trap: reason=unstable_if action=reinterpret pc=0x00000000035724e8 method=java.util.HashMap.hash(Ljava/lang/Object;)I @ 1
Event: 4.109 Thread 0x0000000017b6f000 Uncommon trap: reason=unstable_if action=reinterpret pc=0x000000000349afa8 method=jdk.internal.org.objectweb.asm.Type.getArgumentsAndReturnSizes(Ljava/lang/String;)I @ 47
Event: 21.777 Thread 0x0000000017b6f000 Uncommon trap: reason=class_check action=maybe_recompile pc=0x00000000034d6530 method=java.io.FilterInputStream.read()I @ 4
Event: 21.777 Thread 0x0000000017b6f000 Uncommon trap: reason=class_check action=maybe_recompile pc=0x00000000034d6530 method=java.io.FilterInputStream.read()I @ 4
Event: 21.777 Thread 0x0000000017b6f000 Uncommon trap: reason=class_check action=maybe_recompile pc=0x00000000034d6530 method=java.io.FilterInputStream.read()I @ 4
Event: 21.777 Thread 0x0000000017b6f000 Uncommon trap: reason=class_check action=maybe_recompile pc=0x00000000034d6530 method=java.io.FilterInputStream.read()I @ 4
Event: 23.137 Thread 0x0000000017b6f000 Uncommon trap: reason=array_check action=maybe_recompile pc=0x000000000386a6b8 method=com.sun.javafx.css.SimpleSelector.applies(Ljavafx/css/Styleable;[Ljava/util/Set;I)Z @ 37
Event: 23.137 Thread 0x0000000017b6f000 Uncommon trap: reason=array_check action=maybe_recompile pc=0x000000000386a6b8 method=com.sun.javafx.css.SimpleSelector.applies(Ljavafx/css/Styleable;[Ljava/util/Set;I)Z @ 37

Classes redefined (0 events):
No events

Internal exceptions (10 events):
Event: 3.995 Thread 0x0000000017b6f000 Implicit null exception at 0x000000000342b875 to 0x000000000342ba51
Event: 3.995 Thread 0x0000000017b6f000 Implicit null exception at 0x00000000035b1258 to 0x00000000035b12e6
Event: 3.997 Thread 0x0000000017b6f000 Implicit null exception at 0x000000000357246f to 0x00000000035724d9
Event: 21.151 Thread 0x0000000017b6f000 Exception <a 'java/lang/NoSuchMethodError': <clinit>> (0x00000000eb3ed8f8) thrown at [C:\re\workspace\8-2-build-windows-amd64-cygwin\jdk8u161\10277\hotspot\src\share\vm\prims\jni.cpp, line 1613]
Event: 21.156 Thread 0x0000000017b6f000 Exception <a 'java/lang/NoSuchMethodError': <clinit>> (0x00000000eb408ec0) thrown at [C:\re\workspace\8-2-build-windows-amd64-cygwin\jdk8u161\10277\hotspot\src\share\vm\prims\jni.cpp, line 1613]
Event: 21.425 Thread 0x0000000017b6f000 Exception <a 'java/lang/ArrayIndexOutOfBoundsException'> (0x00000000ec1bd988) thrown at [C:\re\workspace\8-2-build-windows-amd64-cygwin\jdk8u161\10277\hotspot\src\share\vm\runtime\sharedRuntime.cpp, line 605]
Event: 21.425 Thread 0x0000000017b6f000 Exception <a 'java/lang/ArrayIndexOutOfBoundsException'> (0x00000000ec1bed58) thrown at [C:\re\workspace\8-2-build-windows-amd64-cygwin\jdk8u161\10277\hotspot\src\share\vm\runtime\sharedRuntime.cpp, line 605]
Event: 21.426 Thread 0x0000000017b6f000 Exception <a 'java/lang/ArrayIndexOutOfBoundsException'> (0x00000000ec1c1890) thrown at [C:\re\workspace\8-2-build-windows-amd64-cygwin\jdk8u161\10277\hotspot\src\share\vm\runtime\sharedRuntime.cpp, line 605]
Event: 21.446 Thread 0x0000000017b6f000 Exception <a 'java/lang/NoSuchMethodError': <clinit>> (0x00000000ec28c100) thrown at [C:\re\workspace\8-2-build-windows-amd64-cygwin\jdk8u161\10277\hotspot\src\share\vm\prims\jni.cpp, line 1613]
Event: 21.495 Thread 0x0000000017b6f000 Exception <a 'java/io/FileNotFoundException'> (0x00000000ec293e88) thrown at [C:\re\workspace\8-2-build-windows-amd64-cygwin\jdk8u161\10277\hotspot\src\share\vm\prims\jni.cpp, line 709]

Events (10 events):
Event: 23.137 Thread 0x0000000017b6f000 DEOPT UNPACKING pc=0x00000000031c583b sp=0x00000000189a8410 mode 2
Event: 23.137 Thread 0x0000000017b6f000 Uncommon trap: trap_request=0xffffffd6 fr.pc=0x000000000386a6b8
Event: 23.137 Thread 0x0000000017b6f000 DEOPT PACKING pc=0x000000000386a6b8 sp=0x00000000189a8330
Event: 23.137 Thread 0x0000000017b6f000 DEOPT UNPACKING pc=0x00000000031c583b sp=0x00000000189a8310 mode 2
Event: 23.137 loading class java/util/Optional
Event: 23.138 loading class java/util/Optional done
Event: 23.140 Thread 0x0000000017b6f000 DEOPT PACKING pc=0x0000000003548d2c sp=0x00000000189ac700
Event: 23.140 Thread 0x0000000017b6f000 DEOPT UNPACKING pc=0x00000000031c7890 sp=0x00000000189ac468 mode 0
Event: 23.140 Thread 0x0000000017b6f000 DEOPT PACKING pc=0x0000000003548d2c sp=0x00000000189ad500
Event: 23.140 Thread 0x0000000017b6f000 DEOPT UNPACKING pc=0x00000000031c7890 sp=0x00000000189ad268 mode 0


Dynamic libraries:
0x00007ff675b20000 - 0x00007ff675b57000 	C:\Program Files\Java\jdk1.8.0_161\bin\java.exe
0x00007ff9f2080000 - 0x00007ff9f225b000 	C:\Windows\SYSTEM32\ntdll.dll
0x00007ff9f0260000 - 0x00007ff9f030e000 	C:\Windows\System32\KERNEL32.DLL
0x00007ff9eeaa0000 - 0x00007ff9eecea000 	C:\Windows\System32\KERNELBASE.dll
0x00007ff9f0440000 - 0x00007ff9f04e1000 	C:\Windows\System32\ADVAPI32.dll
0x00007ff9f1d50000 - 0x00007ff9f1ded000 	C:\Windows\System32\msvcrt.dll
0x00007ff9f1ac0000 - 0x00007ff9f1b19000 	C:\Windows\System32\sechost.dll
0x00007ff9f0310000 - 0x00007ff9f0435000 	C:\Windows\System32\RPCRT4.dll
0x00007ff9ef5e0000 - 0x00007ff9ef72a000 	C:\Windows\System32\USER32.dll
0x00007ff9eed50000 - 0x00007ff9eed6e000 	C:\Windows\System32\win32u.dll
0x00007ff9f1df0000 - 0x00007ff9f1e17000 	C:\Windows\System32\GDI32.dll
0x00007ff9ee5a0000 - 0x00007ff9ee728000 	C:\Windows\System32\gdi32full.dll
0x00007ff9ee730000 - 0x00007ff9ee7ca000 	C:\Windows\System32\msvcp_win.dll
0x00007ff9ee9a0000 - 0x00007ff9eea96000 	C:\Windows\System32\ucrtbase.dll
0x00007ff9e9e90000 - 0x00007ff9ea0f7000 	C:\Windows\WinSxS\amd64_microsoft.windows.common-controls_6595b64144ccf1df_6.0.15063.1155_none_40c7922129a7722b\COMCTL32.dll
0x00007ff9efec0000 - 0x00007ff9f01b9000 	C:\Windows\System32\combase.dll
0x00007ff9ef4c0000 - 0x00007ff9ef52a000 	C:\Windows\System32\bcryptPrimitives.dll
0x00007ff9f0590000 - 0x00007ff9f05bd000 	C:\Windows\System32\IMM32.DLL
0x0000000059a50000 - 0x0000000059b22000 	C:\Program Files\Java\jdk1.8.0_161\jre\bin\msvcr100.dll
0x0000000057e80000 - 0x000000005871f000 	C:\Program Files\Java\jdk1.8.0_161\jre\bin\server\jvm.dll
0x00007ff9f0240000 - 0x00007ff9f0248000 	C:\Windows\System32\PSAPI.DLL
0x00007ff9ea110000 - 0x00007ff9ea11a000 	C:\Windows\SYSTEM32\VERSION.dll
0x00007ff9ec9b0000 - 0x00007ff9ec9d3000 	C:\Windows\SYSTEM32\WINMM.dll
0x00007ff9eac80000 - 0x00007ff9eac89000 	C:\Windows\SYSTEM32\WSOCK32.dll
0x00007ff9f1ce0000 - 0x00007ff9f1d4c000 	C:\Windows\System32\WS2_32.dll
0x00007ff9ec950000 - 0x00007ff9ec97b000 	C:\Windows\SYSTEM32\WINMMBASE.dll
0x00007ff9ef470000 - 0x00007ff9ef4b9000 	C:\Windows\System32\cfgmgr32.dll
0x0000000059a40000 - 0x0000000059a4f000 	C:\Program Files\Java\jdk1.8.0_161\jre\bin\verify.dll
0x0000000059a10000 - 0x0000000059a39000 	C:\Program Files\Java\jdk1.8.0_161\jre\bin\java.dll
0x00000000599e0000 - 0x0000000059a03000 	C:\Program Files\Java\jdk1.8.0_161\jre\bin\instrument.dll
0x00000000599c0000 - 0x00000000599d6000 	C:\Program Files\Java\jdk1.8.0_161\jre\bin\zip.dll
0x00007ff9f05c0000 - 0x00007ff9f19f8000 	C:\Windows\System32\SHELL32.dll
0x00007ff9f1c30000 - 0x00007ff9f1cda000 	C:\Windows\System32\shcore.dll
0x00007ff9eed70000 - 0x00007ff9ef461000 	C:\Windows\System32\windows.storage.dll
0x00007ff9f2020000 - 0x00007ff9f2071000 	C:\Windows\System32\shlwapi.dll
0x00007ff9ee510000 - 0x00007ff9ee521000 	C:\Windows\System32\kernel.appcore.dll
0x00007ff9ee530000 - 0x00007ff9ee57c000 	C:\Windows\System32\powrprof.dll
0x00007ff9ee580000 - 0x00007ff9ee595000 	C:\Windows\System32\profapi.dll
0x00007ff9cd590000 - 0x00007ff9cd5aa000 	C:\Program Files\JetBrains\IntelliJ IDEA 2018.2.4\bin\breakgen64.dll
0x0000000057c40000 - 0x0000000057c5a000 	C:\Program Files\Java\jdk1.8.0_161\jre\bin\net.dll
0x00007ff9ede00000 - 0x00007ff9ede5c000 	C:\Windows\system32\mswsock.dll
0x00000000014b0000 - 0x00000000014b3000 	C:\Program Files\Java\jdk1.8.0_161\jre\bin\api-ms-win-core-console-l1-1-0.dll
0x00000000014c0000 - 0x00000000014c3000 	C:\Program Files\Java\jdk1.8.0_161\jre\bin\api-ms-win-core-datetime-l1-1-0.dll
0x00000000014d0000 - 0x00000000014d3000 	C:\Program Files\Java\jdk1.8.0_161\jre\bin\api-ms-win-core-debug-l1-1-0.dll
0x00000000014e0000 - 0x00000000014e3000 	C:\Program Files\Java\jdk1.8.0_161\jre\bin\api-ms-win-core-errorhandling-l1-1-0.dll
0x0000000002da0000 - 0x0000000002da4000 	C:\Program Files\Java\jdk1.8.0_161\jre\bin\api-ms-win-core-file-l1-1-0.dll
0x0000000002db0000 - 0x0000000002db3000 	C:\Program Files\Java\jdk1.8.0_161\jre\bin\api-ms-win-core-file-l1-2-0.dll
0x0000000002dc0000 - 0x0000000002dc3000 	C:\Program Files\Java\jdk1.8.0_161\jre\bin\api-ms-win-core-file-l2-1-0.dll
0x0000000002dd0000 - 0x0000000002dd3000 	C:\Program Files\Java\jdk1.8.0_161\jre\bin\api-ms-win-core-handle-l1-1-0.dll
0x0000000002de0000 - 0x0000000002de3000 	C:\Program Files\Java\jdk1.8.0_161\jre\bin\api-ms-win-core-heap-l1-1-0.dll
0x0000000002df0000 - 0x0000000002df3000 	C:\Program Files\Java\jdk1.8.0_161\jre\bin\api-ms-win-core-interlocked-l1-1-0.dll
0x0000000002e00000 - 0x0000000002e03000 	C:\Program Files\Java\jdk1.8.0_161\jre\bin\api-ms-win-core-libraryloader-l1-1-0.dll
0x0000000002e10000 - 0x0000000002e13000 	C:\Program Files\Java\jdk1.8.0_161\jre\bin\api-ms-win-core-localization-l1-2-0.dll
0x0000000003030000 - 0x0000000003033000 	C:\Program Files\Java\jdk1.8.0_161\jre\bin\api-ms-win-core-memory-l1-1-0.dll
0x0000000003040000 - 0x0000000003043000 	C:\Program Files\Java\jdk1.8.0_161\jre\bin\api-ms-win-core-namedpipe-l1-1-0.dll
0x0000000003050000 - 0x0000000003053000 	C:\Program Files\Java\jdk1.8.0_161\jre\bin\api-ms-win-core-processenvironment-l1-1-0.dll
0x0000000003060000 - 0x0000000003063000 	C:\Program Files\Java\jdk1.8.0_161\jre\bin\api-ms-win-core-processthreads-l1-1-0.dll
0x00000000182c0000 - 0x00000000182c3000 	C:\Program Files\Java\jdk1.8.0_161\jre\bin\api-ms-win-core-processthreads-l1-1-1.dll
0x00000000182d0000 - 0x00000000182d3000 	C:\Program Files\Java\jdk1.8.0_161\jre\bin\api-ms-win-core-profile-l1-1-0.dll
0x00000000182e0000 - 0x00000000182e3000 	C:\Program Files\Java\jdk1.8.0_161\jre\bin\api-ms-win-core-rtlsupport-l1-1-0.dll
0x00000000182f0000 - 0x00000000182f3000 	C:\Program Files\Java\jdk1.8.0_161\jre\bin\api-ms-win-core-string-l1-1-0.dll
0x0000000018300000 - 0x0000000018303000 	C:\Program Files\Java\jdk1.8.0_161\jre\bin\api-ms-win-core-synch-l1-1-0.dll
0x0000000018310000 - 0x0000000018313000 	C:\Program Files\Java\jdk1.8.0_161\jre\bin\api-ms-win-core-synch-l1-2-0.dll
0x0000000018320000 - 0x0000000018323000 	C:\Program Files\Java\jdk1.8.0_161\jre\bin\api-ms-win-core-sysinfo-l1-1-0.dll
0x0000000018330000 - 0x0000000018333000 	C:\Program Files\Java\jdk1.8.0_161\jre\bin\api-ms-win-core-timezone-l1-1-0.dll
0x0000000018340000 - 0x0000000018343000 	C:\Program Files\Java\jdk1.8.0_161\jre\bin\api-ms-win-core-util-l1-1-0.dll
0x0000000018350000 - 0x0000000018353000 	C:\Program Files\Java\jdk1.8.0_161\jre\bin\api-ms-win-crt-conio-l1-1-0.dll
0x0000000018360000 - 0x0000000018364000 	C:\Program Files\Java\jdk1.8.0_161\jre\bin\api-ms-win-crt-convert-l1-1-0.dll
0x0000000018370000 - 0x0000000018373000 	C:\Program Files\Java\jdk1.8.0_161\jre\bin\api-ms-win-crt-environment-l1-1-0.dll
0x0000000018380000 - 0x0000000018383000 	C:\Program Files\Java\jdk1.8.0_161\jre\bin\api-ms-win-crt-filesystem-l1-1-0.dll
0x0000000018390000 - 0x0000000018393000 	C:\Program Files\Java\jdk1.8.0_161\jre\bin\api-ms-win-crt-heap-l1-1-0.dll
0x00000000183a0000 - 0x00000000183a3000 	C:\Program Files\Java\jdk1.8.0_161\jre\bin\api-ms-win-crt-locale-l1-1-0.dll
0x00000000183b0000 - 0x00000000183b5000 	C:\Program Files\Java\jdk1.8.0_161\jre\bin\api-ms-win-crt-math-l1-1-0.dll
0x00000000183c0000 - 0x00000000183c5000 	C:\Program Files\Java\jdk1.8.0_161\jre\bin\api-ms-win-crt-multibyte-l1-1-0.dll
0x00000000183d0000 - 0x00000000183e0000 	C:\Program Files\Java\jdk1.8.0_161\jre\bin\api-ms-win-crt-private-l1-1-0.dll
0x00000000183e0000 - 0x00000000183e3000 	C:\Program Files\Java\jdk1.8.0_161\jre\bin\api-ms-win-crt-process-l1-1-0.dll
0x00000000183f0000 - 0x00000000183f4000 	C:\Program Files\Java\jdk1.8.0_161\jre\bin\api-ms-win-crt-runtime-l1-1-0.dll
0x0000000018400000 - 0x0000000018404000 	C:\Program Files\Java\jdk1.8.0_161\jre\bin\api-ms-win-crt-stdio-l1-1-0.dll
0x0000000018410000 - 0x0000000018414000 	C:\Program Files\Java\jdk1.8.0_161\jre\bin\api-ms-win-crt-string-l1-1-0.dll
0x0000000018420000 - 0x0000000018423000 	C:\Program Files\Java\jdk1.8.0_161\jre\bin\api-ms-win-crt-time-l1-1-0.dll
0x0000000018430000 - 0x0000000018433000 	C:\Program Files\Java\jdk1.8.0_161\jre\bin\api-ms-win-crt-utility-l1-1-0.dll
0x00007ff9bab70000 - 0x00007ff9bac66000 	C:\Program Files\Java\jdk1.8.0_161\jre\bin\ucrtbase.dll
0x00007ff9c3d10000 - 0x00007ff9c3d61000 	C:\Program Files\Java\jdk1.8.0_161\jre\bin\concrt140.dll
0x00007ff9c0b70000 - 0x00007ff9c0c0b000 	C:\Windows\SYSTEM32\MSVCP140.dll
0x00007ff9cfad0000 - 0x00007ff9cfae6000 	C:\Windows\SYSTEM32\VCRUNTIME140.dll
0x00007ff9c5ce0000 - 0x00007ff9c5cf6000 	C:\Program Files\Java\jdk1.8.0_161\jre\bin\vcruntime140.dll
0x00007ff9bee80000 - 0x00007ff9bef1c000 	C:\Program Files\Java\jdk1.8.0_161\jre\bin\msvcp140.dll
0x0000000057c10000 - 0x0000000057c33000 	C:\Program Files\Java\jdk1.8.0_161\jre\bin\prism_d3d.dll
0x00007ff9bb2e0000 - 0x00007ff9bb469000 	C:\Windows\system32\d3d9.dll
0x00007ff9ebe30000 - 0x00007ff9ebe5a000 	C:\Windows\SYSTEM32\dwmapi.dll
0x00007ff9ecd30000 - 0x00007ff9ecdc5000 	C:\Windows\system32\uxtheme.dll
0x00007ff9aa5a0000 - 0x00007ff9acadd000 	C:\Windows\SYSTEM32\igdumdim64.dll
0x00007ff9f1a00000 - 0x00007ff9f1ac0000 	C:\Windows\System32\OLEAUT32.dll
0x00007ff9ef730000 - 0x00007ff9ef875000 	C:\Windows\System32\ole32.dll
0x00007ff9efa10000 - 0x00007ff9efe4b000 	C:\Windows\System32\SETUPAPI.dll
0x0000000057bc0000 - 0x0000000057c09000 	C:\Program Files\Java\jdk1.8.0_161\jre\bin\glass.dll
0x00007ff9f1b20000 - 0x00007ff9f1c28000 	C:\Windows\System32\COMDLG32.dll
0x00007ff9ef880000 - 0x00007ff9ef9e6000 	C:\Windows\System32\MSCTF.dll
0x00007ff9c69e0000 - 0x00007ff9c7420000 	C:\Windows\SYSTEM32\igdusc64.dll
0x0000000057b80000 - 0x0000000057b94000 	C:\Program Files\Java\jdk1.8.0_161\jre\bin\javafx_font.dll
0x00007ff9e80a0000 - 0x00007ff9e835f000 	C:\Windows\SYSTEM32\dwrite.dll
0x00007ff9f04f0000 - 0x00007ff9f058e000 	C:\Windows\System32\clbcatq.dll
0x00007ff9e5040000 - 0x00007ff9e51ec000 	C:\Windows\SYSTEM32\WindowsCodecs.dll
0x00007ff9e5c80000 - 0x00007ff9e5cc7000 	C:\Windows\system32\dataexchange.dll
0x00007ff9ebb50000 - 0x00007ff9ebe2f000 	C:\Windows\system32\d3d11.dll
0x00007ff9ec560000 - 0x00007ff9ec683000 	C:\Windows\system32\dcomp.dll
0x00007ff9ed440000 - 0x00007ff9ed4e4000 	C:\Windows\system32\dxgi.dll
0x00007ff9ecfa0000 - 0x00007ff9ed110000 	C:\Windows\system32\twinapi.appcore.dll
0x00007ff9ee0b0000 - 0x00007ff9ee0d5000 	C:\Windows\system32\bcrypt.dll
0x00007ff9e5990000 - 0x00007ff9e59c1000 	C:\Program Files\Common Files\Microsoft Shared\Ink\rtscom.dll
0x00007ff9ea210000 - 0x00007ff9ea291000 	C:\Windows\System32\TextInputFramework.dll
0x00007ff9e8e80000 - 0x00007ff9e9153000 	C:\Windows\System32\CoreUIComponents.dll
0x00007ff9ec440000 - 0x00007ff9ec524000 	C:\Windows\System32\CoreMessaging.dll
0x00007ff9ed700000 - 0x00007ff9ed731000 	C:\Windows\SYSTEM32\ntmarta.dll
0x00007ff9eb220000 - 0x00007ff9eb235000 	C:\Windows\SYSTEM32\usermgrcli.dll
0x00007ff9ea680000 - 0x00007ff9ea7b9000 	C:\Windows\SYSTEM32\wintypes.dll
0x0000000057b50000 - 0x0000000057b73000 	C:\Program Files\Java\jdk1.8.0_161\jre\bin\javafx_iio.dll
0x0000000057b30000 - 0x0000000057b42000 	C:\Program Files\Java\jdk1.8.0_161\jre\bin\prism_common.dll
0x00007ff9eaa80000 - 0x00007ff9eac29000 	C:\Windows\SYSTEM32\dbghelp.dll

VM Arguments:
jvm_args: -javaagent:C:\Program Files\JetBrains\IntelliJ IDEA 2018.2.4\lib\idea_rt.jar=27098:C:\Program Files\JetBrains\IntelliJ IDEA 2018.2.4\bin -Dfile.encoding=UTF-8 
java_command: start.StartClient
java_class_path (initial): C:\Program Files\Java\jdk1.8.0_161\jre\lib\charsets.jar;C:\Program Files\Java\jdk1.8.0_161\jre\lib\deploy.jar;C:\Program Files\Java\jdk1.8.0_161\jre\lib\ext\access-bridge-64.jar;C:\Program Files\Java\jdk1.8.0_161\jre\lib\ext\cldrdata.jar;C:\Program Files\Java\jdk1.8.0_161\jre\lib\ext\dnsns.jar;C:\Program Files\Java\jdk1.8.0_161\jre\lib\ext\jaccess.jar;C:\Program Files\Java\jdk1.8.0_161\jre\lib\ext\jfxrt.jar;C:\Program Files\Java\jdk1.8.0_161\jre\lib\ext\localedata.jar;C:\Program Files\Java\jdk1.8.0_161\jre\lib\ext\nashorn.jar;C:\Program Files\Java\jdk1.8.0_161\jre\lib\ext\sunec.jar;C:\Program Files\Java\jdk1.8.0_161\jre\lib\ext\sunjce_provider.jar;C:\Program Files\Java\jdk1.8.0_161\jre\lib\ext\sunmscapi.jar;C:\Program Files\Java\jdk1.8.0_161\jre\lib\ext\sunpkcs11.jar;C:\Program Files\Java\jdk1.8.0_161\jre\lib\ext\zipfs.jar;C:\Program Files\Java\jdk1.8.0_161\jre\lib\javaws.jar;C:\Program Files\Java\jdk1.8.0_161\jre\lib\jce.jar;C:\Program Files\Java\jdk1.8.0_161\jre\lib\jfr.jar;C:\Program Files\Java\jdk1.8.0_161\jre\lib\jfxswt.jar;C:\Program Files\Java\jdk1.8.0_161\jre\lib\jsse.jar;C:\Program Files\Java\jdk1.8.0_161\jre\lib\management-agent.jar;C:\Program Files\Java\jdk1.8.0_161\jre\lib\plugin.jar;C:\Program Files\Java\jdk1.8.0_161\jre\lib\resources.jar;C:\Program Files\Java\jdk1.8.0_161\jre\lib\rt.jar;D:\mysql-connector-java-5.1.47\mysql-connector-java-5.1.47-bin.jar;C:\Users\DEN\IdeaProjects\projectPolyclinics\out\production\projectPolyclinics;C:\Program Files\JetBrains\IntelliJ IDEA 2018.2.4\lib\idea_rt.jar
Launcher Type: SUN_STANDARD

Environment Variables:
JAVA_HOME=C:\Program Files\Java\jdk1.8.0_141
PATH=C:\Program Files (x86)\Common Files\Oracle\Java\javapath;C:\ProgramData\Oracle\Java\javapath;C:\WinAVR-20100110\bin;C:\WinAVR-20100110\utils\bin;C:\Windows\system32;C:\Windows;C:\Windows\System32\Wbem;C:\Windows\System32\WindowsPowerShell\v1.0\;C:\Program Files\Microsoft SQL Server\130\Tools\Binn\;C:\Program Files\dotnet\;C:\Program Files\Git\cmd;C:\Program Files\Microsoft SQL Server\Client SDK\ODBC\130\Tools\Binn\;C:\Program Files (x86)\Microsoft SQL Server\140\Tools\Binn\;C:\Program Files\Microsoft SQL Server\140\Tools\Binn\;C:\Program Files\Microsoft SQL Server\140\DTS\Binn\;C:\Program Files (x86)\Microsoft SQL Server\Client SDK\ODBC\130\Tools\Binn\;C:\Program Files (x86)\Microsoft SQL Server\140\DTS\Binn\;C:\Program Files (x86)\Microsoft SQL Server\140\Tools\Binn\ManagementStudio\;C:\Program Files\nodejs\;C:\Program Files (x86)\GtkSharp\2.12\bin;C:\Program Files (x86)\Silk\SilkTest;C:\Program Files (x86)\Silk\SilkTest\ng\gui;C:\Windows\system32\config\systemprofile\.dnx\bin;C:\Program Files\Microsoft DNX\Dnvm\;C:\Program Files (x86)\Windows Kits\8.1\Windows Performance Toolkit\;C:\Users\DEN\AppData\Local\Microsoft\WindowsApps;;C:\Program Files (x86)\GNU Tools ARM Embedded\4.6 2012q4\bin;C:\Users\DEN\AppData\Roaming\npm
USERNAME=DEN
OS=Windows_NT
PROCESSOR_IDENTIFIER=Intel64 Family 6 Model 61 Stepping 4, GenuineIntel



---------------  S Y S T E M  ---------------

OS: Windows 10.0 , 64 bit Build 15063 (10.0.15063.1058)

CPU:total 4 (initial active 4) (2 cores per cpu, 2 threads per core) family 6 model 61 stepping 4, cmov, cx8, fxsr, mmx, sse, sse2, sse3, ssse3, sse4.1, sse4.2, popcnt, avx, avx2, aes, clmul, erms, 3dnowpref, lzcnt, ht, tsc, tscinvbit, bmi1, bmi2, adx

Memory: 4k page, physical 4091248k(766260k free), swap 8983600k(2081496k free)

vm_info: Java HotSpot(TM) 64-Bit Server VM (25.161-b12) for windows-amd64 JRE (1.8.0_161-b12), built on Dec 19 2017 17:52:25 by "java_re" with MS VC++ 10.0 (VS2010)

time: Sat Dec 08 01:13:04 2018
elapsed time: 23 seconds (0d 0h 0m 23s)

