#
# A fatal error has been detected by the Java Runtime Environment:
#
#  EXCEPTION_ACCESS_VIOLATION (0xc0000005) at pc=0x0000000057aec849, pid=2752, tid=0x0000000000000d04
#
# JRE version: Java(TM) SE Runtime Environment (8.0_161-b12) (build 1.8.0_161-b12)
# Java VM: Java HotSpot(TM) 64-Bit Server VM (25.161-b12 mixed mode windows-amd64 compressed oops)
# Problematic frame:
# C  [glass.dll+0x1c849]
#
# Failed to write core dump. Minidumps are not enabled by default on client versions of Windows
#
# If you would like to submit a bug report, please visit:
#   http://bugreport.java.com/bugreport/crash.jsp
# The crash happened outside the Java Virtual Machine in native code.
# See problematic frame for where to report the bug.
#

---------------  T H R E A D  ---------------

Current thread (0x0000000017fa0000):  JavaThread "JavaFX Application Thread" [_thread_in_native, id=3332, stack(0x0000000018cc0000,0x0000000018dc0000)]

siginfo: ExceptionCode=0xc0000005, reading address 0x0000000020942938

Registers:
RAX=0x0000000000000000, RBX=0x0000000020942830, RCX=0xe311d210d5650000, RDX=0x00000000174f91c8
RSP=0x0000000018dbf160, RBP=0x0000000018dbf1b9, RSI=0x0000000000000100, RDI=0x0000000020942830
R8 =0x0000000000000006, R9 =0x0000000017fa3300, R10=0x00000000157128a8, R11=0x0000000018dbef70
R12=0x000000000015052c, R13=0x0000000000000100, R14=0x000000000000000d, R15=0x00000000001c0001
RIP=0x0000000057aec849, EFLAGS=0x0000000000010202

Top of Stack: (sp=0x0000000018dbf160)
0x0000000018dbf160:   0000000000000000 0000000020942830
0x0000000018dbf170:   000000000000000d 000000001ce0e060
0x0000000018dbf180:   00000000001c0001 00007ff9ef89aad0
0x0000000018dbf190:   0000000000000000 0000000018dbf1a0
0x0000000018dbf1a0:   0000000000180016 0000000000000000
0x0000000018dbf1b0:   0000000000000000 00007ff900000000
0x0000000018dbf1c0:   000000000150a8f0 0000e311cacb2405
0x0000000018dbf1d0:   0000000057af85c0 0000000000000100
0x0000000018dbf1e0:   000000000015052c 0000000020942830
0x0000000018dbf1f0:   0000000000000000 00000000001c0001
0x0000000018dbf200:   000000000015052c 0000000000000100
0x0000000018dbf210:   000000000000000d 0000000057ad1848
0x0000000018dbf220:   000000000000000d 0000000000000100
0x0000000018dbf230:   0000000000000001 00007ff9ef5f3cf4
0x0000000018dbf240:   0000000000000000 00007ff9ef5ebc50
0x0000000018dbf250:   0000000000000001 0000000018dbf500 

Instructions: (pc=0x0000000057aec849)
0x0000000057aec829:   00 00 0f 84 75 03 00 00 48 8b 57 08 48 8d 4f 28
0x0000000057aec839:   4d 8b ce 4c 89 7c 24 20 44 8b c6 e8 d7 38 00 00
0x0000000057aec849:   48 83 bf 08 01 00 00 00 0f 85 48 fd ff ff 49 83
0x0000000057aec859:   fe 12 0f 84 45 03 00 00 49 83 fe 79 0f 85 34 fd 


Register to memory mapping:

RAX=0x0000000000000000 is an unknown value
RBX=0x0000000020942830 is an unknown value
RCX=0xe311d210d5650000 is an unknown value
RDX=0x00000000174f91c8 is an unknown value
RSP=0x0000000018dbf160 is pointing into the stack for thread: 0x0000000017fa0000
RBP=0x0000000018dbf1b9 is pointing into the stack for thread: 0x0000000017fa0000
RSI=0x0000000000000100 is an unknown value
RDI=0x0000000020942830 is an unknown value
R8 =0x0000000000000006 is an unknown value
R9 =0x0000000017fa3300 is an unknown value
R10={method} {0x00000000157128b0} 'notifyKey' '(II[CI)V' in 'com/sun/glass/ui/View'
R11=0x0000000018dbef70 is pointing into the stack for thread: 0x0000000017fa0000
R12=0x000000000015052c is an unknown value
R13=0x0000000000000100 is an unknown value
R14=0x000000000000000d is an unknown value
R15=0x00000000001c0001 is an unknown value


Stack: [0x0000000018cc0000,0x0000000018dc0000],  sp=0x0000000018dbf160,  free space=1020k
Native frames: (J=compiled Java code, j=interpreted, Vv=VM code, C=native code)
C  [glass.dll+0x1c849]
C  [glass.dll+0x1848]
C  [USER32.dll+0xbc50]
C  [USER32.dll+0xb5cf]
C  [glass.dll+0xa7dd]
C  0x00000000035e8c67

Java frames: (J=compiled Java code, j=interpreted, Vv=VM code)
j  com.sun.glass.ui.win.WinApplication._runLoop(Ljava/lang/Runnable;)V+0
j  com.sun.glass.ui.win.WinApplication.lambda$null$147(ILjava/lang/Runnable;)V+8
j  com.sun.glass.ui.win.WinApplication$$Lambda$37.run()V+12
j  java.lang.Thread.run()V+11
v  ~StubRoutines::call_stub

---------------  P R O C E S S  ---------------

Java Threads: ( => current thread )
  0x00000000181c8000 JavaThread "Prism Font Disposer" daemon [_thread_blocked, id=12516, stack(0x000000001fca0000,0x000000001fda0000)]
  0x0000000017fd8000 JavaThread "JavaFX-Launcher" [_thread_blocked, id=10756, stack(0x000000001d450000,0x000000001d550000)]
  0x0000000017fd7800 JavaThread "Thread-2" daemon [_thread_in_native, id=11124, stack(0x000000001d350000,0x000000001d450000)]
=>0x0000000017fa0000 JavaThread "JavaFX Application Thread" [_thread_in_native, id=3332, stack(0x0000000018cc0000,0x0000000018dc0000)]
  0x0000000017f9c800 JavaThread "Thread-1" daemon [_thread_blocked, id=13016, stack(0x0000000018bc0000,0x0000000018cc0000)]
  0x0000000017f39800 JavaThread "QuantumRenderer-0" daemon [_thread_blocked, id=11808, stack(0x0000000018920000,0x0000000018a20000)]
  0x0000000017230000 JavaThread "Service Thread" daemon [_thread_blocked, id=1164, stack(0x0000000017930000,0x0000000017a30000)]
  0x00000000171c3800 JavaThread "C1 CompilerThread2" daemon [_thread_blocked, id=2440, stack(0x0000000017830000,0x0000000017930000)]
  0x00000000171c2000 JavaThread "C2 CompilerThread1" daemon [_thread_blocked, id=13764, stack(0x0000000017730000,0x0000000017830000)]
  0x00000000171bd800 JavaThread "C2 CompilerThread0" daemon [_thread_blocked, id=13440, stack(0x0000000017630000,0x0000000017730000)]
  0x00000000171b3800 JavaThread "Monitor Ctrl-Break" daemon [_thread_in_native, id=10252, stack(0x0000000017530000,0x0000000017630000)]
  0x0000000015bc7800 JavaThread "Attach Listener" daemon [_thread_blocked, id=6744, stack(0x0000000017030000,0x0000000017130000)]
  0x0000000015bc6800 JavaThread "Signal Dispatcher" daemon [_thread_blocked, id=8012, stack(0x0000000016f30000,0x0000000017030000)]
  0x00000000035c8800 JavaThread "Finalizer" daemon [_thread_blocked, id=12420, stack(0x0000000016e30000,0x0000000016f30000)]
  0x00000000035c3000 JavaThread "Reference Handler" daemon [_thread_blocked, id=13796, stack(0x0000000016d30000,0x0000000016e30000)]
  0x00000000034d3000 JavaThread "main" [_thread_blocked, id=7944, stack(0x0000000003130000,0x0000000003230000)]

Other Threads:
  0x0000000015b87800 VMThread [stack: 0x0000000016c30000,0x0000000016d30000] [id=10820]
  0x00000000172cd000 WatcherThread [stack: 0x0000000017e30000,0x0000000017f30000] [id=10988]

VM state:not at safepoint (normal execution)

VM Mutex/Monitor currently owned by a thread: None

Heap:
 PSYoungGen      total 18944K, used 17663K [0x00000000eb300000, 0x00000000ec800000, 0x0000000100000000)
  eden space 16384K, 92% used [0x00000000eb300000,0x00000000ec1c1b38,0x00000000ec300000)
  from space 2560K, 99% used [0x00000000ec300000,0x00000000ec57e328,0x00000000ec580000)
  to   space 2560K, 0% used [0x00000000ec580000,0x00000000ec580000,0x00000000ec800000)
 ParOldGen       total 44032K, used 9738K [0x00000000c1800000, 0x00000000c4300000, 0x00000000eb300000)
  object space 44032K, 22% used [0x00000000c1800000,0x00000000c2182818,0x00000000c4300000)
 Metaspace       used 19589K, capacity 20938K, committed 21120K, reserved 1067008K
  class space    used 2855K, capacity 3130K, committed 3200K, reserved 1048576K

Card table byte_map: [0x0000000012990000,0x0000000012b90000] byte_map_base: 0x0000000012384000

Marking Bits: (ParMarkBitMap*) 0x000000005851f860
 Begin Bits: [0x00000000130e0000, 0x0000000014080000)
 End Bits:   [0x0000000014080000, 0x0000000015020000)

Polling page: 0x00000000017e0000

CodeCache: size=245760Kb used=7921Kb max_used=7921Kb free=237838Kb
 bounds [0x00000000035d0000, 0x0000000003da0000, 0x00000000125d0000]
 total_blobs=3255 nmethods=2592 adapters=575
 compilation: enabled

Compilation events (10 events):
Event: 27.368 Thread 0x00000000171c3800 2595       3       com.sun.prism.impl.BaseTexture::checkUpdateParams (587 bytes)
Event: 27.376 Thread 0x00000000171c3800 nmethod 2595 0x0000000003d7ed90 code [0x0000000003d7f700, 0x0000000003d86668]
Event: 27.376 Thread 0x00000000171c3800 2598       1       com.sun.javafx.geom.transform.Translate2D::getMyt (5 bytes)
Event: 27.376 Thread 0x00000000171c3800 nmethod 2598 0x0000000003d8a790 code [0x0000000003d8a8e0, 0x0000000003d8a9f0]
Event: 27.376 Thread 0x00000000171c3800 2596       3       com.sun.prism.d3d.D3DTexture::update (216 bytes)
Event: 27.379 Thread 0x00000000171c3800 nmethod 2596 0x0000000003d8aa50 code [0x0000000003d8ae40, 0x0000000003d8ddf8]
Event: 27.379 Thread 0x00000000171c3800 2599       3       com.sun.javafx.geom.Rectangle::<init> (26 bytes)
Event: 27.380 Thread 0x00000000171c3800 nmethod 2599 0x0000000003d8f9d0 code [0x0000000003d8fb20, 0x0000000003d8fcd0]
Event: 27.878 Thread 0x00000000171c3800 2600       3       com.sun.javafx.tk.quantum.PaintCollector::getInstance (4 bytes)
Event: 27.879 Thread 0x00000000171c3800 nmethod 2600 0x0000000003d8fd90 code [0x0000000003d8fee0, 0x0000000003d90010]

GC Heap History (6 events):
Event: 2.598 GC heap before
{Heap before GC invocations=1 (full 0):
 PSYoungGen      total 18944K, used 16384K [0x00000000eb300000, 0x00000000ec800000, 0x0000000100000000)
  eden space 16384K, 100% used [0x00000000eb300000,0x00000000ec300000,0x00000000ec300000)
  from space 2560K, 0% used [0x00000000ec580000,0x00000000ec580000,0x00000000ec800000)
  to   space 2560K, 0% used [0x00000000ec300000,0x00000000ec300000,0x00000000ec580000)
 ParOldGen       total 44032K, used 0K [0x00000000c1800000, 0x00000000c4300000, 0x00000000eb300000)
  object space 44032K, 0% used [0x00000000c1800000,0x00000000c1800000,0x00000000c4300000)
 Metaspace       used 8916K, capacity 9300K, committed 9472K, reserved 1056768K
  class space    used 1075K, capacity 1199K, committed 1280K, reserved 1048576K
Event: 2.604 GC heap after
Heap after GC invocations=1 (full 0):
 PSYoungGen      total 18944K, used 1888K [0x00000000eb300000, 0x00000000ec800000, 0x0000000100000000)
  eden space 16384K, 0% used [0x00000000eb300000,0x00000000eb300000,0x00000000ec300000)
  from space 2560K, 73% used [0x00000000ec300000,0x00000000ec4d8050,0x00000000ec580000)
  to   space 2560K, 0% used [0x00000000ec580000,0x00000000ec580000,0x00000000ec800000)
 ParOldGen       total 44032K, used 8K [0x00000000c1800000, 0x00000000c4300000, 0x00000000eb300000)
  object space 44032K, 0% used [0x00000000c1800000,0x00000000c1802000,0x00000000c4300000)
 Metaspace       used 8916K, capacity 9300K, committed 9472K, reserved 1056768K
  class space    used 1075K, capacity 1199K, committed 1280K, reserved 1048576K
}
Event: 4.741 GC heap before
{Heap before GC invocations=2 (full 0):
 PSYoungGen      total 18944K, used 18272K [0x00000000eb300000, 0x00000000ec800000, 0x0000000100000000)
  eden space 16384K, 100% used [0x00000000eb300000,0x00000000ec300000,0x00000000ec300000)
  from space 2560K, 73% used [0x00000000ec300000,0x00000000ec4d8050,0x00000000ec580000)
  to   space 2560K, 0% used [0x00000000ec580000,0x00000000ec580000,0x00000000ec800000)
 ParOldGen       total 44032K, used 8K [0x00000000c1800000, 0x00000000c4300000, 0x00000000eb300000)
  object space 44032K, 0% used [0x00000000c1800000,0x00000000c1802000,0x00000000c4300000)
 Metaspace       used 13749K, capacity 14210K, committed 14336K, reserved 1060864K
  class space    used 1855K, capacity 1999K, committed 2048K, reserved 1048576K
Event: 4.754 GC heap after
Heap after GC invocations=2 (full 0):
 PSYoungGen      total 18944K, used 2536K [0x00000000eb300000, 0x00000000ec800000, 0x0000000100000000)
  eden space 16384K, 0% used [0x00000000eb300000,0x00000000eb300000,0x00000000ec300000)
  from space 2560K, 99% used [0x00000000ec580000,0x00000000ec7fa328,0x00000000ec800000)
  to   space 2560K, 0% used [0x00000000ec300000,0x00000000ec300000,0x00000000ec580000)
 ParOldGen       total 44032K, used 2392K [0x00000000c1800000, 0x00000000c4300000, 0x00000000eb300000)
  object space 44032K, 5% used [0x00000000c1800000,0x00000000c1a56060,0x00000000c4300000)
 Metaspace       used 13749K, capacity 14210K, committed 14336K, reserved 1060864K
  class space    used 1855K, capacity 1999K, committed 2048K, reserved 1048576K
}
Event: 9.608 GC heap before
{Heap before GC invocations=3 (full 0):
 PSYoungGen      total 18944K, used 18920K [0x00000000eb300000, 0x00000000ec800000, 0x0000000100000000)
  eden space 16384K, 100% used [0x00000000eb300000,0x00000000ec300000,0x00000000ec300000)
  from space 2560K, 99% used [0x00000000ec580000,0x00000000ec7fa328,0x00000000ec800000)
  to   space 2560K, 0% used [0x00000000ec300000,0x00000000ec300000,0x00000000ec580000)
 ParOldGen       total 44032K, used 2392K [0x00000000c1800000, 0x00000000c4300000, 0x00000000eb300000)
  object space 44032K, 5% used [0x00000000c1800000,0x00000000c1a56060,0x00000000c4300000)
 Metaspace       used 16903K, capacity 17850K, committed 18176K, reserved 1064960K
  class space    used 2457K, capacity 2696K, committed 2816K, reserved 1048576K
Event: 9.619 GC heap after
Heap after GC invocations=3 (full 0):
 PSYoungGen      total 18944K, used 2552K [0x00000000eb300000, 0x00000000ec800000, 0x0000000100000000)
  eden space 16384K, 0% used [0x00000000eb300000,0x00000000eb300000,0x00000000ec300000)
  from space 2560K, 99% used [0x00000000ec300000,0x00000000ec57e328,0x00000000ec580000)
  to   space 2560K, 0% used [0x00000000ec580000,0x00000000ec580000,0x00000000ec800000)
 ParOldGen       total 44032K, used 9738K [0x00000000c1800000, 0x00000000c4300000, 0x00000000eb300000)
  object space 44032K, 22% used [0x00000000c1800000,0x00000000c2182818,0x00000000c4300000)
 Metaspace       used 16903K, capacity 17850K, committed 18176K, reserved 1064960K
  class space    used 2457K, capacity 2696K, committed 2816K, reserved 1048576K
}

Deoptimization events (10 events):
Event: 26.819 Thread 0x0000000017fa0000 Uncommon trap: reason=unstable_if action=reinterpret pc=0x0000000003aa65b8 method=javafx.scene.CssStyleHelper.getStyle(Ljavafx/css/Styleable;Ljava/lang/String;Lcom/sun/javafx/css/StyleMap;Ljava/util/Set;)Lcom/sun/javafx/css/CascadingStyle; @ 1
Event: 27.046 Thread 0x0000000017fa0000 Uncommon trap: reason=array_check action=maybe_recompile pc=0x0000000003d13d0c method=com.sun.javafx.css.SimpleSelector.applies(Ljavafx/css/Styleable;[Ljava/util/Set;I)Z @ 37
Event: 27.046 Thread 0x0000000017fa0000 Uncommon trap: reason=array_check action=maybe_recompile pc=0x0000000003d13d0c method=com.sun.javafx.css.SimpleSelector.applies(Ljavafx/css/Styleable;[Ljava/util/Set;I)Z @ 37
Event: 27.047 Thread 0x0000000017fa0000 Uncommon trap: reason=array_check action=maybe_recompile pc=0x0000000003d13d0c method=com.sun.javafx.css.SimpleSelector.applies(Ljavafx/css/Styleable;[Ljava/util/Set;I)Z @ 37
Event: 27.047 Thread 0x0000000017fa0000 Uncommon trap: reason=array_check action=maybe_recompile pc=0x0000000003d13d0c method=com.sun.javafx.css.SimpleSelector.applies(Ljavafx/css/Styleable;[Ljava/util/Set;I)Z @ 37
Event: 27.058 Thread 0x0000000017fa0000 Uncommon trap: reason=unstable_if action=reinterpret pc=0x00000000036e1f3c method=java.lang.Math.round(D)J @ 48
Event: 27.176 Thread 0x0000000017fa0000 Uncommon trap: reason=class_check action=maybe_recompile pc=0x000000000398df70 method=java.io.FilterInputStream.read()I @ 4
Event: 27.176 Thread 0x0000000017fa0000 Uncommon trap: reason=class_check action=maybe_recompile pc=0x000000000398df70 method=java.io.FilterInputStream.read()I @ 4
Event: 27.176 Thread 0x0000000017fa0000 Uncommon trap: reason=class_check action=maybe_recompile pc=0x000000000398df70 method=java.io.FilterInputStream.read()I @ 4
Event: 27.176 Thread 0x0000000017fa0000 Uncommon trap: reason=class_check action=maybe_recompile pc=0x000000000398df70 method=java.io.FilterInputStream.read()I @ 4

Classes redefined (0 events):
No events

Internal exceptions (10 events):
Event: 9.559 Thread 0x0000000017fa0000 Implicit null exception at 0x000000000399dbd8 to 0x000000000399dc66
Event: 9.561 Thread 0x0000000017fa0000 Implicit null exception at 0x0000000003a3336f to 0x0000000003a333d9
Event: 24.732 Thread 0x0000000017fa0000 Exception <a 'java/lang/NoSuchMethodError': <clinit>> (0x00000000eb6951a0) thrown at [C:\re\workspace\8-2-build-windows-amd64-cygwin\jdk8u161\10277\hotspot\src\share\vm\prims\jni.cpp, line 1613]
Event: 24.736 Thread 0x0000000017fa0000 Exception <a 'java/lang/NoSuchMethodError': <clinit>> (0x00000000eb6b1928) thrown at [C:\re\workspace\8-2-build-windows-amd64-cygwin\jdk8u161\10277\hotspot\src\share\vm\prims\jni.cpp, line 1613]
Event: 26.388 Thread 0x0000000017fa0000 Exception <a 'java/lang/ArrayIndexOutOfBoundsException'> (0x00000000ebbbd228) thrown at [C:\re\workspace\8-2-build-windows-amd64-cygwin\jdk8u161\10277\hotspot\src\share\vm\runtime\sharedRuntime.cpp, line 605]
Event: 26.388 Thread 0x0000000017fa0000 Exception <a 'java/lang/ArrayIndexOutOfBoundsException'> (0x00000000ebbbe5f8) thrown at [C:\re\workspace\8-2-build-windows-amd64-cygwin\jdk8u161\10277\hotspot\src\share\vm\runtime\sharedRuntime.cpp, line 605]
Event: 26.389 Thread 0x0000000017fa0000 Exception <a 'java/lang/ArrayIndexOutOfBoundsException'> (0x00000000ebbc1130) thrown at [C:\re\workspace\8-2-build-windows-amd64-cygwin\jdk8u161\10277\hotspot\src\share\vm\runtime\sharedRuntime.cpp, line 605]
Event: 26.413 Thread 0x0000000017fa0000 Exception <a 'java/io/FileNotFoundException'> (0x00000000ebc84d70) thrown at [C:\re\workspace\8-2-build-windows-amd64-cygwin\jdk8u161\10277\hotspot\src\share\vm\prims\jni.cpp, line 709]
Event: 26.428 Thread 0x0000000017fa0000 Exception <a 'java/lang/NoSuchMethodError': <clinit>> (0x00000000ebcd5b20) thrown at [C:\re\workspace\8-2-build-windows-amd64-cygwin\jdk8u161\10277\hotspot\src\share\vm\prims\jni.cpp, line 1613]
Event: 26.819 Thread 0x0000000017fa0000 Implicit null exception at 0x0000000003aa5c7a to 0x0000000003aa65a1

Events (10 events):
Event: 27.367 loading class com/sun/prism/impl/shape/BasicShapeRep
Event: 27.367 loading class com/sun/prism/impl/shape/BasicShapeRep done
Event: 27.368 Executing VM operation: Deoptimize
Event: 27.368 Executing VM operation: Deoptimize done
Event: 27.369 loading class com/sun/prism/shader/Solid_Color_Loader
Event: 27.369 loading class com/sun/prism/shader/Solid_Color_Loader done
Event: 27.374 Executing VM operation: RevokeBias
Event: 27.374 Executing VM operation: RevokeBias done
Event: 27.881 loading class java/util/Optional
Event: 27.881 loading class java/util/Optional done


Dynamic libraries:
0x00007ff6916a0000 - 0x00007ff6916d7000 	C:\Program Files\Java\jdk1.8.0_161\bin\java.exe
0x00007ff9f2080000 - 0x00007ff9f225b000 	C:\Windows\SYSTEM32\ntdll.dll
0x00007ff9f0260000 - 0x00007ff9f030e000 	C:\Windows\System32\KERNEL32.DLL
0x00007ff9eeaa0000 - 0x00007ff9eecea000 	C:\Windows\System32\KERNELBASE.dll
0x00007ff9f0440000 - 0x00007ff9f04e1000 	C:\Windows\System32\ADVAPI32.dll
0x00007ff9f1d50000 - 0x00007ff9f1ded000 	C:\Windows\System32\msvcrt.dll
0x00007ff9f1ac0000 - 0x00007ff9f1b19000 	C:\Windows\System32\sechost.dll
0x00007ff9f0310000 - 0x00007ff9f0435000 	C:\Windows\System32\RPCRT4.dll
0x00007ff9ef5e0000 - 0x00007ff9ef72a000 	C:\Windows\System32\USER32.dll
0x00007ff9eed50000 - 0x00007ff9eed6e000 	C:\Windows\System32\win32u.dll
0x00007ff9f1df0000 - 0x00007ff9f1e17000 	C:\Windows\System32\GDI32.dll
0x00007ff9ee5a0000 - 0x00007ff9ee728000 	C:\Windows\System32\gdi32full.dll
0x00007ff9ee730000 - 0x00007ff9ee7ca000 	C:\Windows\System32\msvcp_win.dll
0x00007ff9ee9a0000 - 0x00007ff9eea96000 	C:\Windows\System32\ucrtbase.dll
0x00007ff9e9e90000 - 0x00007ff9ea0f7000 	C:\Windows\WinSxS\amd64_microsoft.windows.common-controls_6595b64144ccf1df_6.0.15063.1155_none_40c7922129a7722b\COMCTL32.dll
0x00007ff9efec0000 - 0x00007ff9f01b9000 	C:\Windows\System32\combase.dll
0x00007ff9ef4c0000 - 0x00007ff9ef52a000 	C:\Windows\System32\bcryptPrimitives.dll
0x00007ff9f0590000 - 0x00007ff9f05bd000 	C:\Windows\System32\IMM32.DLL
0x00000000585a0000 - 0x0000000058672000 	C:\Program Files\Java\jdk1.8.0_161\jre\bin\msvcr100.dll
0x0000000057d00000 - 0x000000005859f000 	C:\Program Files\Java\jdk1.8.0_161\jre\bin\server\jvm.dll
0x00007ff9f0240000 - 0x00007ff9f0248000 	C:\Windows\System32\PSAPI.DLL
0x00007ff9eac80000 - 0x00007ff9eac89000 	C:\Windows\SYSTEM32\WSOCK32.dll
0x00007ff9f1ce0000 - 0x00007ff9f1d4c000 	C:\Windows\System32\WS2_32.dll
0x00007ff9ec9b0000 - 0x00007ff9ec9d3000 	C:\Windows\SYSTEM32\WINMM.dll
0x00007ff9ea110000 - 0x00007ff9ea11a000 	C:\Windows\SYSTEM32\VERSION.dll
0x00007ff9ec950000 - 0x00007ff9ec97b000 	C:\Windows\SYSTEM32\WINMMBASE.dll
0x00007ff9ef470000 - 0x00007ff9ef4b9000 	C:\Windows\System32\cfgmgr32.dll
0x0000000057cf0000 - 0x0000000057cff000 	C:\Program Files\Java\jdk1.8.0_161\jre\bin\verify.dll
0x0000000057cc0000 - 0x0000000057ce9000 	C:\Program Files\Java\jdk1.8.0_161\jre\bin\java.dll
0x0000000057c70000 - 0x0000000057c93000 	C:\Program Files\Java\jdk1.8.0_161\jre\bin\instrument.dll
0x0000000057ca0000 - 0x0000000057cb6000 	C:\Program Files\Java\jdk1.8.0_161\jre\bin\zip.dll
0x00007ff9f05c0000 - 0x00007ff9f19f8000 	C:\Windows\System32\SHELL32.dll
0x00007ff9f1c30000 - 0x00007ff9f1cda000 	C:\Windows\System32\shcore.dll
0x00007ff9eed70000 - 0x00007ff9ef461000 	C:\Windows\System32\windows.storage.dll
0x00007ff9f2020000 - 0x00007ff9f2071000 	C:\Windows\System32\shlwapi.dll
0x00007ff9ee510000 - 0x00007ff9ee521000 	C:\Windows\System32\kernel.appcore.dll
0x00007ff9ee530000 - 0x00007ff9ee57c000 	C:\Windows\System32\powrprof.dll
0x00007ff9ee580000 - 0x00007ff9ee595000 	C:\Windows\System32\profapi.dll
0x00007ff9e43f0000 - 0x00007ff9e440a000 	C:\Program Files\JetBrains\IntelliJ IDEA 2018.2.4\bin\breakgen64.dll
0x0000000057c50000 - 0x0000000057c6a000 	C:\Program Files\Java\jdk1.8.0_161\jre\bin\net.dll
0x00007ff9ede00000 - 0x00007ff9ede5c000 	C:\Windows\system32\mswsock.dll
0x0000000001870000 - 0x0000000001873000 	C:\Program Files\Java\jdk1.8.0_161\jre\bin\api-ms-win-core-console-l1-1-0.dll
0x0000000001880000 - 0x0000000001883000 	C:\Program Files\Java\jdk1.8.0_161\jre\bin\api-ms-win-core-datetime-l1-1-0.dll
0x0000000003040000 - 0x0000000003043000 	C:\Program Files\Java\jdk1.8.0_161\jre\bin\api-ms-win-core-debug-l1-1-0.dll
0x0000000003050000 - 0x0000000003053000 	C:\Program Files\Java\jdk1.8.0_161\jre\bin\api-ms-win-core-errorhandling-l1-1-0.dll
0x0000000003060000 - 0x0000000003064000 	C:\Program Files\Java\jdk1.8.0_161\jre\bin\api-ms-win-core-file-l1-1-0.dll
0x0000000003070000 - 0x0000000003073000 	C:\Program Files\Java\jdk1.8.0_161\jre\bin\api-ms-win-core-file-l1-2-0.dll
0x0000000003080000 - 0x0000000003083000 	C:\Program Files\Java\jdk1.8.0_161\jre\bin\api-ms-win-core-file-l2-1-0.dll
0x0000000003090000 - 0x0000000003093000 	C:\Program Files\Java\jdk1.8.0_161\jre\bin\api-ms-win-core-handle-l1-1-0.dll
0x00000000030a0000 - 0x00000000030a3000 	C:\Program Files\Java\jdk1.8.0_161\jre\bin\api-ms-win-core-heap-l1-1-0.dll
0x00000000030b0000 - 0x00000000030b3000 	C:\Program Files\Java\jdk1.8.0_161\jre\bin\api-ms-win-core-interlocked-l1-1-0.dll
0x00000000030c0000 - 0x00000000030c3000 	C:\Program Files\Java\jdk1.8.0_161\jre\bin\api-ms-win-core-libraryloader-l1-1-0.dll
0x00000000030d0000 - 0x00000000030d3000 	C:\Program Files\Java\jdk1.8.0_161\jre\bin\api-ms-win-core-localization-l1-2-0.dll
0x00000000030e0000 - 0x00000000030e3000 	C:\Program Files\Java\jdk1.8.0_161\jre\bin\api-ms-win-core-memory-l1-1-0.dll
0x00000000030f0000 - 0x00000000030f3000 	C:\Program Files\Java\jdk1.8.0_161\jre\bin\api-ms-win-core-namedpipe-l1-1-0.dll
0x0000000003100000 - 0x0000000003103000 	C:\Program Files\Java\jdk1.8.0_161\jre\bin\api-ms-win-core-processenvironment-l1-1-0.dll
0x0000000003110000 - 0x0000000003113000 	C:\Program Files\Java\jdk1.8.0_161\jre\bin\api-ms-win-core-processthreads-l1-1-0.dll
0x0000000003430000 - 0x0000000003433000 	C:\Program Files\Java\jdk1.8.0_161\jre\bin\api-ms-win-core-processthreads-l1-1-1.dll
0x0000000003440000 - 0x0000000003443000 	C:\Program Files\Java\jdk1.8.0_161\jre\bin\api-ms-win-core-profile-l1-1-0.dll
0x0000000003450000 - 0x0000000003453000 	C:\Program Files\Java\jdk1.8.0_161\jre\bin\api-ms-win-core-rtlsupport-l1-1-0.dll
0x0000000003460000 - 0x0000000003463000 	C:\Program Files\Java\jdk1.8.0_161\jre\bin\api-ms-win-core-string-l1-1-0.dll
0x0000000003470000 - 0x0000000003473000 	C:\Program Files\Java\jdk1.8.0_161\jre\bin\api-ms-win-core-synch-l1-1-0.dll
0x0000000003480000 - 0x0000000003483000 	C:\Program Files\Java\jdk1.8.0_161\jre\bin\api-ms-win-core-synch-l1-2-0.dll
0x0000000003490000 - 0x0000000003493000 	C:\Program Files\Java\jdk1.8.0_161\jre\bin\api-ms-win-core-sysinfo-l1-1-0.dll
0x00000000034a0000 - 0x00000000034a3000 	C:\Program Files\Java\jdk1.8.0_161\jre\bin\api-ms-win-core-timezone-l1-1-0.dll
0x00000000034b0000 - 0x00000000034b3000 	C:\Program Files\Java\jdk1.8.0_161\jre\bin\api-ms-win-core-util-l1-1-0.dll
0x0000000018730000 - 0x0000000018733000 	C:\Program Files\Java\jdk1.8.0_161\jre\bin\api-ms-win-crt-conio-l1-1-0.dll
0x0000000018740000 - 0x0000000018744000 	C:\Program Files\Java\jdk1.8.0_161\jre\bin\api-ms-win-crt-convert-l1-1-0.dll
0x0000000018750000 - 0x0000000018753000 	C:\Program Files\Java\jdk1.8.0_161\jre\bin\api-ms-win-crt-environment-l1-1-0.dll
0x0000000018760000 - 0x0000000018763000 	C:\Program Files\Java\jdk1.8.0_161\jre\bin\api-ms-win-crt-filesystem-l1-1-0.dll
0x0000000018770000 - 0x0000000018773000 	C:\Program Files\Java\jdk1.8.0_161\jre\bin\api-ms-win-crt-heap-l1-1-0.dll
0x0000000018780000 - 0x0000000018783000 	C:\Program Files\Java\jdk1.8.0_161\jre\bin\api-ms-win-crt-locale-l1-1-0.dll
0x0000000018790000 - 0x0000000018795000 	C:\Program Files\Java\jdk1.8.0_161\jre\bin\api-ms-win-crt-math-l1-1-0.dll
0x00000000187a0000 - 0x00000000187a5000 	C:\Program Files\Java\jdk1.8.0_161\jre\bin\api-ms-win-crt-multibyte-l1-1-0.dll
0x00000000187b0000 - 0x00000000187c0000 	C:\Program Files\Java\jdk1.8.0_161\jre\bin\api-ms-win-crt-private-l1-1-0.dll
0x00000000187c0000 - 0x00000000187c3000 	C:\Program Files\Java\jdk1.8.0_161\jre\bin\api-ms-win-crt-process-l1-1-0.dll
0x00000000187d0000 - 0x00000000187d4000 	C:\Program Files\Java\jdk1.8.0_161\jre\bin\api-ms-win-crt-runtime-l1-1-0.dll
0x00000000187e0000 - 0x00000000187e4000 	C:\Program Files\Java\jdk1.8.0_161\jre\bin\api-ms-win-crt-stdio-l1-1-0.dll
0x00000000187f0000 - 0x00000000187f4000 	C:\Program Files\Java\jdk1.8.0_161\jre\bin\api-ms-win-crt-string-l1-1-0.dll
0x0000000018800000 - 0x0000000018803000 	C:\Program Files\Java\jdk1.8.0_161\jre\bin\api-ms-win-crt-time-l1-1-0.dll
0x0000000018810000 - 0x0000000018813000 	C:\Program Files\Java\jdk1.8.0_161\jre\bin\api-ms-win-crt-utility-l1-1-0.dll
0x00007ff9bf090000 - 0x00007ff9bf186000 	C:\Program Files\Java\jdk1.8.0_161\jre\bin\ucrtbase.dll
0x00007ff9c41a0000 - 0x00007ff9c41f1000 	C:\Program Files\Java\jdk1.8.0_161\jre\bin\concrt140.dll
0x00007ff9cfad0000 - 0x00007ff9cfae6000 	C:\Windows\SYSTEM32\VCRUNTIME140.dll
0x00007ff9c0b70000 - 0x00007ff9c0c0b000 	C:\Windows\SYSTEM32\MSVCP140.dll
0x00007ff9e43d0000 - 0x00007ff9e43e6000 	C:\Program Files\Java\jdk1.8.0_161\jre\bin\vcruntime140.dll
0x00007ff9bf610000 - 0x00007ff9bf6ac000 	C:\Program Files\Java\jdk1.8.0_161\jre\bin\msvcp140.dll
0x0000000057b20000 - 0x0000000057b43000 	C:\Program Files\Java\jdk1.8.0_161\jre\bin\prism_d3d.dll
0x00007ff9bee70000 - 0x00007ff9beff9000 	C:\Windows\system32\d3d9.dll
0x00007ff9ebe30000 - 0x00007ff9ebe5a000 	C:\Windows\SYSTEM32\dwmapi.dll
0x00007ff9ecd30000 - 0x00007ff9ecdc5000 	C:\Windows\system32\uxtheme.dll
0x00007ff9aa5e0000 - 0x00007ff9acb1d000 	C:\Windows\SYSTEM32\igdumdim64.dll
0x00007ff9f1a00000 - 0x00007ff9f1ac0000 	C:\Windows\System32\OLEAUT32.dll
0x00007ff9ef730000 - 0x00007ff9ef875000 	C:\Windows\System32\ole32.dll
0x00007ff9efa10000 - 0x00007ff9efe4b000 	C:\Windows\System32\SETUPAPI.dll
0x0000000057ad0000 - 0x0000000057b19000 	C:\Program Files\Java\jdk1.8.0_161\jre\bin\glass.dll
0x00007ff9f1b20000 - 0x00007ff9f1c28000 	C:\Windows\System32\COMDLG32.dll
0x00007ff9ef880000 - 0x00007ff9ef9e6000 	C:\Windows\System32\MSCTF.dll
0x00007ff9c69e0000 - 0x00007ff9c7420000 	C:\Windows\SYSTEM32\igdusc64.dll
0x0000000057ab0000 - 0x0000000057ac4000 	C:\Program Files\Java\jdk1.8.0_161\jre\bin\javafx_font.dll
0x00007ff9e5d30000 - 0x00007ff9e5fef000 	C:\Windows\SYSTEM32\dwrite.dll
0x00007ff9f04f0000 - 0x00007ff9f058e000 	C:\Windows\System32\clbcatq.dll
0x00007ff9e5040000 - 0x00007ff9e51ec000 	C:\Windows\SYSTEM32\WindowsCodecs.dll
0x00007ff9de750000 - 0x00007ff9de797000 	C:\Windows\system32\dataexchange.dll
0x00007ff9ebb50000 - 0x00007ff9ebe2f000 	C:\Windows\system32\d3d11.dll
0x00007ff9ec560000 - 0x00007ff9ec683000 	C:\Windows\system32\dcomp.dll
0x00007ff9ed440000 - 0x00007ff9ed4e4000 	C:\Windows\system32\dxgi.dll
0x00007ff9ecfa0000 - 0x00007ff9ed110000 	C:\Windows\system32\twinapi.appcore.dll
0x00007ff9ee0b0000 - 0x00007ff9ee0d5000 	C:\Windows\system32\bcrypt.dll
0x00007ff9e7f70000 - 0x00007ff9e7fa1000 	C:\Program Files\Common Files\Microsoft Shared\Ink\rtscom.dll
0x00007ff9e9930000 - 0x00007ff9e99b1000 	C:\Windows\System32\TextInputFramework.dll
0x00007ff9e8e80000 - 0x00007ff9e9153000 	C:\Windows\System32\CoreUIComponents.dll
0x00007ff9ec440000 - 0x00007ff9ec524000 	C:\Windows\System32\CoreMessaging.dll
0x00007ff9ed700000 - 0x00007ff9ed731000 	C:\Windows\SYSTEM32\ntmarta.dll
0x00007ff9ea680000 - 0x00007ff9ea7b9000 	C:\Windows\SYSTEM32\wintypes.dll
0x00007ff9eb220000 - 0x00007ff9eb235000 	C:\Windows\SYSTEM32\usermgrcli.dll
0x0000000057a80000 - 0x0000000057aa3000 	C:\Program Files\Java\jdk1.8.0_161\jre\bin\javafx_iio.dll
0x0000000057a60000 - 0x0000000057a72000 	C:\Program Files\Java\jdk1.8.0_161\jre\bin\prism_common.dll
0x00007ff9eaa80000 - 0x00007ff9eac29000 	C:\Windows\SYSTEM32\dbghelp.dll

VM Arguments:
jvm_args: -javaagent:C:\Program Files\JetBrains\IntelliJ IDEA 2018.2.4\lib\idea_rt.jar=8077:C:\Program Files\JetBrains\IntelliJ IDEA 2018.2.4\bin -Dfile.encoding=UTF-8 
java_command: start.StartClient
java_class_path (initial): C:\Program Files\Java\jdk1.8.0_161\jre\lib\charsets.jar;C:\Program Files\Java\jdk1.8.0_161\jre\lib\deploy.jar;C:\Program Files\Java\jdk1.8.0_161\jre\lib\ext\access-bridge-64.jar;C:\Program Files\Java\jdk1.8.0_161\jre\lib\ext\cldrdata.jar;C:\Program Files\Java\jdk1.8.0_161\jre\lib\ext\dnsns.jar;C:\Program Files\Java\jdk1.8.0_161\jre\lib\ext\jaccess.jar;C:\Program Files\Java\jdk1.8.0_161\jre\lib\ext\jfxrt.jar;C:\Program Files\Java\jdk1.8.0_161\jre\lib\ext\localedata.jar;C:\Program Files\Java\jdk1.8.0_161\jre\lib\ext\nashorn.jar;C:\Program Files\Java\jdk1.8.0_161\jre\lib\ext\sunec.jar;C:\Program Files\Java\jdk1.8.0_161\jre\lib\ext\sunjce_provider.jar;C:\Program Files\Java\jdk1.8.0_161\jre\lib\ext\sunmscapi.jar;C:\Program Files\Java\jdk1.8.0_161\jre\lib\ext\sunpkcs11.jar;C:\Program Files\Java\jdk1.8.0_161\jre\lib\ext\zipfs.jar;C:\Program Files\Java\jdk1.8.0_161\jre\lib\javaws.jar;C:\Program Files\Java\jdk1.8.0_161\jre\lib\jce.jar;C:\Program Files\Java\jdk1.8.0_161\jre\lib\jfr.jar;C:\Program Files\Java\jdk1.8.0_161\jre\lib\jfxswt.jar;C:\Program Files\Java\jdk1.8.0_161\jre\lib\jsse.jar;C:\Program Files\Java\jdk1.8.0_161\jre\lib\management-agent.jar;C:\Program Files\Java\jdk1.8.0_161\jre\lib\plugin.jar;C:\Program Files\Java\jdk1.8.0_161\jre\lib\resources.jar;C:\Program Files\Java\jdk1.8.0_161\jre\lib\rt.jar;D:\mysql-connector-java-5.1.47\mysql-connector-java-5.1.47-bin.jar;C:\Users\DEN\IdeaProjects\projectPolyclinics\out\production\projectPolyclinics;C:\Program Files\JetBrains\IntelliJ IDEA 2018.2.4\lib\idea_rt.jar
Launcher Type: SUN_STANDARD

Environment Variables:
JAVA_HOME=C:\Program Files\Java\jdk1.8.0_141
PATH=C:\Program Files (x86)\Common Files\Oracle\Java\javapath;C:\ProgramData\Oracle\Java\javapath;C:\WinAVR-20100110\bin;C:\WinAVR-20100110\utils\bin;C:\Windows\system32;C:\Windows;C:\Windows\System32\Wbem;C:\Windows\System32\WindowsPowerShell\v1.0\;C:\Program Files\Microsoft SQL Server\130\Tools\Binn\;C:\Program Files\dotnet\;C:\Program Files\Git\cmd;C:\Program Files\Microsoft SQL Server\Client SDK\ODBC\130\Tools\Binn\;C:\Program Files (x86)\Microsoft SQL Server\140\Tools\Binn\;C:\Program Files\Microsoft SQL Server\140\Tools\Binn\;C:\Program Files\Microsoft SQL Server\140\DTS\Binn\;C:\Program Files (x86)\Microsoft SQL Server\Client SDK\ODBC\130\Tools\Binn\;C:\Program Files (x86)\Microsoft SQL Server\140\DTS\Binn\;C:\Program Files (x86)\Microsoft SQL Server\140\Tools\Binn\ManagementStudio\;C:\Program Files\nodejs\;C:\Program Files (x86)\GtkSharp\2.12\bin;C:\Program Files (x86)\Silk\SilkTest;C:\Program Files (x86)\Silk\SilkTest\ng\gui;C:\Windows\system32\config\systemprofile\.dnx\bin;C:\Program Files\Microsoft DNX\Dnvm\;C:\Program Files (x86)\Windows Kits\8.1\Windows Performance Toolkit\;C:\Users\DEN\AppData\Local\Microsoft\WindowsApps;;C:\Program Files (x86)\GNU Tools ARM Embedded\4.6 2012q4\bin;C:\Users\DEN\AppData\Roaming\npm
USERNAME=DEN
OS=Windows_NT
PROCESSOR_IDENTIFIER=Intel64 Family 6 Model 61 Stepping 4, GenuineIntel



---------------  S Y S T E M  ---------------

OS: Windows 10.0 , 64 bit Build 15063 (10.0.15063.1058)

CPU:total 4 (initial active 4) (2 cores per cpu, 2 threads per core) family 6 model 61 stepping 4, cmov, cx8, fxsr, mmx, sse, sse2, sse3, ssse3, sse4.1, sse4.2, popcnt, avx, avx2, aes, clmul, erms, 3dnowpref, lzcnt, ht, tsc, tscinvbit, bmi1, bmi2, adx

Memory: 4k page, physical 4091248k(312716k free), swap 9686812k(3291852k free)

vm_info: Java HotSpot(TM) 64-Bit Server VM (25.161-b12) for windows-amd64 JRE (1.8.0_161-b12), built on Dec 19 2017 17:52:25 by "java_re" with MS VC++ 10.0 (VS2010)

time: Wed Dec 12 11:18:34 2018
elapsed time: 28 seconds (0d 0h 0m 28s)

